Writing 31 to address 0
Writing FFFFFFFE to address 1
Writing FFFFFFFF to address 2
Writing FFFFFFAF to address 3
Writing 21 to address 4
Writing FFFFFFFF to address 5
Writing FFFFFF9F to address 6
Writing 32 to address 7
Writing FFFFFFCB to address 8
Writing 7C to address 9
Writing 20 to address A
Writing FFFFFFFB to address B
Writing 21 to address C
Writing 26 to address D
Writing FFFFFFFF to address E
Writing E to address F
Writing 11 to address 10
Writing 3E to address 11
Writing FFFFFF80 to address 12
Writing 32 to address 13
Writing FFFFFFE2 to address 14
Writing C to address 15
Writing 3E to address 16
Writing FFFFFFF3 to address 17
Writing FFFFFFE2 to address 18
Writing 32 to address 19
Writing 3E to address 1A
Writing 77 to address 1B
Writing 77 to address 1C
Writing 3E to address 1D
Writing FFFFFFFC to address 1E
Writing FFFFFFE0 to address 1F
Writing 47 to address 20
Writing 11 to address 21
Writing 4 to address 22
Writing 1 to address 23
Writing 21 to address 24
Writing 10 to address 25
Writing FFFFFF80 to address 26
Writing 1A to address 27
Writing FFFFFFCD to address 28
Writing FFFFFF95 to address 29
Writing 0 to address 2A
Writing FFFFFFCD to address 2B
Writing FFFFFF96 to address 2C
Writing 0 to address 2D
Writing 13 to address 2E
Writing 7B to address 2F
Writing FFFFFFFE to address 30
Writing 34 to address 31
Writing 20 to address 32
Writing FFFFFFF3 to address 33
Writing 11 to address 34
Writing FFFFFFD8 to address 35
Writing 0 to address 36
Writing 6 to address 37
Writing 8 to address 38
Writing 1A to address 39
Writing 13 to address 3A
Writing 22 to address 3B
Writing 23 to address 3C
Writing 5 to address 3D
Writing 20 to address 3E
Writing FFFFFFF9 to address 3F
Writing 3E to address 40
Writing 19 to address 41
Writing FFFFFFEA to address 42
Writing 10 to address 43
Writing FFFFFF99 to address 44
Writing 21 to address 45
Writing 2F to address 46
Writing FFFFFF99 to address 47
Writing E to address 48
Writing C to address 49
Writing 3D to address 4A
Writing 28 to address 4B
Writing 8 to address 4C
Writing 32 to address 4D
Writing D to address 4E
Writing 20 to address 4F
Writing FFFFFFF9 to address 50
Writing 2E to address 51
Writing F to address 52
Writing 18 to address 53
Writing FFFFFFF3 to address 54
Writing 67 to address 55
Writing 3E to address 56
Writing 64 to address 57
Writing 57 to address 58
Writing FFFFFFE0 to address 59
Writing 42 to address 5A
Writing 3E to address 5B
Writing FFFFFF91 to address 5C
Writing FFFFFFE0 to address 5D
Writing 40 to address 5E
Writing 4 to address 5F
Writing 1E to address 60
Writing 2 to address 61
Writing E to address 62
Writing C to address 63
Writing FFFFFFF0 to address 64
Writing 44 to address 65
Writing FFFFFFFE to address 66
Writing FFFFFF90 to address 67
Writing 20 to address 68
Writing FFFFFFFA to address 69
Writing D to address 6A
Writing 20 to address 6B
Writing FFFFFFF7 to address 6C
Writing 1D to address 6D
Writing 20 to address 6E
Writing FFFFFFF2 to address 6F
Writing E to address 70
Writing 13 to address 71
Writing 24 to address 72
Writing 7C to address 73
Writing 1E to address 74
Writing FFFFFF83 to address 75
Writing FFFFFFFE to address 76
Writing 62 to address 77
Writing 28 to address 78
Writing 6 to address 79
Writing 1E to address 7A
Writing FFFFFFC1 to address 7B
Writing FFFFFFFE to address 7C
Writing 64 to address 7D
Writing 20 to address 7E
Writing 6 to address 7F
Writing 7B to address 80
Writing FFFFFFE2 to address 81
Writing C to address 82
Writing 3E to address 83
Writing FFFFFF87 to address 84
Writing FFFFFFE2 to address 85
Writing FFFFFFF0 to address 86
Writing 42 to address 87
Writing FFFFFF90 to address 88
Writing FFFFFFE0 to address 89
Writing 42 to address 8A
Writing 15 to address 8B
Writing 20 to address 8C
Writing FFFFFFD2 to address 8D
Writing 5 to address 8E
Writing 20 to address 8F
Writing 4F to address 90
Writing 16 to address 91
Writing 20 to address 92
Writing 18 to address 93
Writing FFFFFFCB to address 94
Writing 4F to address 95
Writing 6 to address 96
Writing 4 to address 97
Writing FFFFFFC5 to address 98
Writing FFFFFFCB to address 99
Writing 11 to address 9A
Writing 17 to address 9B
Writing FFFFFFC1 to address 9C
Writing FFFFFFCB to address 9D
Writing 11 to address 9E
Writing 17 to address 9F
Writing 5 to address A0
Writing 20 to address A1
Writing FFFFFFF5 to address A2
Writing 22 to address A3
Writing 23 to address A4
Writing 22 to address A5
Writing 23 to address A6
Writing FFFFFFC9 to address A7
Writing FFFFFFCE to address A8
Writing FFFFFFED to address A9
Writing 66 to address AA
Writing 66 to address AB
Writing FFFFFFCC to address AC
Writing D to address AD
Writing 0 to address AE
Writing B to address AF
Writing 3 to address B0
Writing 73 to address B1
Writing 0 to address B2
Writing FFFFFF83 to address B3
Writing 0 to address B4
Writing C to address B5
Writing 0 to address B6
Writing D to address B7
Writing 0 to address B8
Writing 8 to address B9
Writing 11 to address BA
Writing 1F to address BB
Writing FFFFFF88 to address BC
Writing FFFFFF89 to address BD
Writing 0 to address BE
Writing E to address BF
Writing FFFFFFDC to address C0
Writing FFFFFFCC to address C1
Writing 6E to address C2
Writing FFFFFFE6 to address C3
Writing FFFFFFDD to address C4
Writing FFFFFFDD to address C5
Writing FFFFFFD9 to address C6
Writing FFFFFF99 to address C7
Writing FFFFFFBB to address C8
Writing FFFFFFBB to address C9
Writing 67 to address CA
Writing 63 to address CB
Writing 6E to address CC
Writing E to address CD
Writing FFFFFFEC to address CE
Writing FFFFFFCC to address CF
Writing FFFFFFDD to address D0
Writing FFFFFFDC to address D1
Writing FFFFFF99 to address D2
Writing FFFFFF9F to address D3
Writing FFFFFFBB to address D4
Writing FFFFFFB9 to address D5
Writing 33 to address D6
Writing 3E to address D7
Writing 3C to address D8
Writing 42 to address D9
Writing FFFFFFB9 to address DA
Writing FFFFFFA5 to address DB
Writing FFFFFFB9 to address DC
Writing FFFFFFA5 to address DD
Writing 42 to address DE
Writing 3C to address DF
Writing 21 to address E0
Writing 4 to address E1
Writing 1 to address E2
Writing 11 to address E3
Writing FFFFFFA8 to address E4
Writing 0 to address E5
Writing 1A to address E6
Writing 13 to address E7
Writing FFFFFFBE to address E8
Writing 20 to address E9
Writing FFFFFFFE to address EA
Writing 23 to address EB
Writing 7D to address EC
Writing FFFFFFFE to address ED
Writing 34 to address EE
Writing 20 to address EF
Writing FFFFFFF5 to address F0
Writing 6 to address F1
Writing 19 to address F2
Writing 78 to address F3
Writing FFFFFF86 to address F4
Writing 23 to address F5
Writing 5 to address F6
Writing 20 to address F7
Writing FFFFFFFB to address F8
Writing FFFFFF86 to address F9
Writing 20 to address FA
Writing FFFFFFFE to address FB
Writing 3E to address FC
Writing 1 to address FD
Writing FFFFFFE0 to address FE
Writing 50 to address FF
