SP Init --> FFFE [65534]
CD PUSH 0
SP -1 --> FFFD [65533]
CD PUSH 0
SP -1 --> FFFC [65532]
C5 PUSH 4
SP -1 --> FFFB [65531]
C5 PUSH 4
SP -1--> FFFA [65530]
C1 POP CE
SP +1 --> FFFB [65531]
C1 POP 4
SP +1 --> FFFC [65532]
C5 PUSH 3
SP -1 --> FFFB [65531]
C5 PUSH 3
SP -1--> FFFA [65530]
C1 POP 9D
SP +1 --> FFFB [65531]
C1 POP 3
SP +1 --> FFFC [65532]
C5 PUSH 2
SP -1 --> FFFB [65531]
C5 PUSH 2
SP -1--> FFFA [65530]
C1 POP 3A
SP +1 --> FFFB [65531]
C1 POP 2
SP +1 --> FFFC [65532]
C5 PUSH 1
SP -1 --> FFFB [65531]
C5 PUSH 1
SP -1--> FFFA [65530]
C1 POP 75
SP +1 --> FFFB [65531]
C1 POP 1
SP +1 --> FFFC [65532]
C9 POP 2B
SP +1 --> FFFD [65533]
C9 POP 0
SP +1 --> FFFE [65534]
CD PUSH 0
SP -1 --> FFFD [65533]
CD PUSH 0
SP -1 --> FFFC [65532]
C5 PUSH 4
SP -1 --> FFFB [65531]
C5 PUSH 4
SP -1--> FFFA [65530]
C1 POP EB
SP +1 --> FFFB [65531]
C1 POP 4
SP +1 --> FFFC [65532]
C5 PUSH 3
SP -1 --> FFFB [65531]
C5 PUSH 3
SP -1--> FFFA [65530]
C1 POP D7
SP +1 --> FFFB [65531]
C1 POP 3
SP +1 --> FFFC [65532]
C5 PUSH 2
SP -1 --> FFFB [65531]
C5 PUSH 2
SP -1--> FFFA [65530]
C1 POP AF
SP +1 --> FFFB [65531]
C1 POP 2
SP +1 --> FFFC [65532]
C5 PUSH 1
SP -1 --> FFFB [65531]
C5 PUSH 1
SP -1--> FFFA [65530]
C1 POP 5E
SP +1 --> FFFB [65531]
C1 POP 1
SP +1 --> FFFC [65532]
C9 POP 2E
SP +1 --> FFFD [65533]
C9 POP 0
SP +1 --> FFFE [65534]
CD PUSH 0
SP -1 --> FFFD [65533]
CD PUSH 0
SP -1 --> FFFC [65532]
C5 PUSH 4
SP -1 --> FFFB [65531]
C5 PUSH 4
SP -1--> FFFA [65530]
C1 POP ED
SP +1 --> FFFB [65531]
C1 POP 4
SP +1 --> FFFC [65532]
C5 PUSH 3
SP -1 --> FFFB [65531]
C5 PUSH 3
SP -1--> FFFA [65530]
C1 POP DB
SP +1 --> FFFB [65531]
C1 POP 3
SP +1 --> FFFC [65532]
C5 PUSH 2
SP -1 --> FFFB [65531]
C5 PUSH 2
SP -1--> FFFA [65530]
C1 POP B7
SP +1 --> FFFB [65531]
C1 POP 2
SP +1 --> FFFC [65532]
C5 PUSH 1
SP -1 --> FFFB [65531]
C5 PUSH 1
SP -1--> FFFA [65530]
C1 POP 6F
SP +1 --> FFFB [65531]
C1 POP 1
SP +1 --> FFFC [65532]
C9 POP 2B
SP +1 --> FFFD [65533]
C9 POP 0
SP +1 --> FFFE [65534]
CD PUSH 0
SP -1 --> FFFD [65533]
CD PUSH 0
SP -1 --> FFFC [65532]
C5 PUSH 4
SP -1 --> FFFB [65531]
C5 PUSH 4
SP -1--> FFFA [65530]
C1 POP DE
SP +1 --> FFFB [65531]
C1 POP 4
SP +1 --> FFFC [65532]
C5 PUSH 3
SP -1 --> FFFB [65531]
C5 PUSH 3
SP -1--> FFFA [65530]
C1 POP BD
SP +1 --> FFFB [65531]
C1 POP 3
SP +1 --> FFFC [65532]
C5 PUSH 2
SP -1 --> FFFB [65531]
C5 PUSH 2
SP -1--> FFFA [65530]
C1 POP 7B
SP +1 --> FFFB [65531]
C1 POP 2
SP +1 --> FFFC [65532]
C5 PUSH 1
SP -1 --> FFFB [65531]
C5 PUSH 1
SP -1--> FFFA [65530]
C1 POP F7
SP +1 --> FFFB [65531]
C1 POP 1
SP +1 --> FFFC [65532]
C9 POP 2E
SP +1 --> FFFD [65533]
C9 POP 0
SP +1 --> FFFE [65534]
CD PUSH 0
SP -1 --> FFFD [65533]
CD PUSH 0
SP -1 --> FFFC [65532]
C5 PUSH 4
SP -1 --> FFFB [65531]
C5 PUSH 4
SP -1--> FFFA [65530]
C1 POP 66
SP +1 --> FFFB [65531]
C1 POP 4
SP +1 --> FFFC [65532]
C5 PUSH 3
SP -1 --> FFFB [65531]
C5 PUSH 3
SP -1--> FFFA [65530]
C1 POP CC
SP +1 --> FFFB [65531]
C1 POP 3
SP +1 --> FFFC [65532]
C5 PUSH 2
SP -1 --> FFFB [65531]
C5 PUSH 2
SP -1--> FFFA [65530]
C1 POP 99
SP +1 --> FFFB [65531]
C1 POP 2
SP +1 --> FFFC [65532]
C5 PUSH 1
SP -1 --> FFFB [65531]
C5 PUSH 1
SP -1--> FFFA [65530]
C1 POP 32
SP +1 --> FFFB [65531]
C1 POP 1
SP +1 --> FFFC [65532]
C9 POP 2B
SP +1 --> FFFD [65533]
C9 POP 0
SP +1 --> FFFE [65534]
CD PUSH 0
SP -1 --> FFFD [65533]
CD PUSH 0
SP -1 --> FFFC [65532]
C5 PUSH 4
SP -1 --> FFFB [65531]
C5 PUSH 4
SP -1--> FFFA [65530]
C1 POP 65
SP +1 --> FFFB [65531]
C1 POP 4
SP +1 --> FFFC [65532]
C5 PUSH 3
SP -1 --> FFFB [65531]
C5 PUSH 3
SP -1--> FFFA [65530]
C1 POP CA
SP +1 --> FFFB [65531]
C1 POP 3
SP +1 --> FFFC [65532]
C5 PUSH 2
SP -1 --> FFFB [65531]
C5 PUSH 2
SP -1--> FFFA [65530]
C1 POP 95
SP +1 --> FFFB [65531]
C1 POP 2
SP +1 --> FFFC [65532]
C5 PUSH 1
SP -1 --> FFFB [65531]
C5 PUSH 1
SP -1--> FFFA [65530]
C1 POP 2B
SP +1 --> FFFB [65531]
C1 POP 1
SP +1 --> FFFC [65532]
C9 POP 2E
SP +1 --> FFFD [65533]
C9 POP 0
SP +1 --> FFFE [65534]
CD PUSH 0
SP -1 --> FFFD [65533]
CD PUSH 0
SP -1 --> FFFC [65532]
C5 PUSH 4
SP -1 --> FFFB [65531]
C5 PUSH 4
SP -1--> FFFA [65530]
C1 POP 66
SP +1 --> FFFB [65531]
C1 POP 4
SP +1 --> FFFC [65532]
C5 PUSH 3
SP -1 --> FFFB [65531]
C5 PUSH 3
SP -1--> FFFA [65530]
C1 POP CC
SP +1 --> FFFB [65531]
C1 POP 3
SP +1 --> FFFC [65532]
C5 PUSH 2
SP -1 --> FFFB [65531]
C5 PUSH 2
SP -1--> FFFA [65530]
C1 POP 99
SP +1 --> FFFB [65531]
C1 POP 2
SP +1 --> FFFC [65532]
C5 PUSH 1
SP -1 --> FFFB [65531]
C5 PUSH 1
SP -1--> FFFA [65530]
C1 POP 32
SP +1 --> FFFB [65531]
C1 POP 1
SP +1 --> FFFC [65532]
C9 POP 2B
SP +1 --> FFFD [65533]
C9 POP 0
SP +1 --> FFFE [65534]
CD PUSH 0
SP -1 --> FFFD [65533]
CD PUSH 0
SP -1 --> FFFC [65532]
C5 PUSH 4
SP -1 --> FFFB [65531]
C5 PUSH 4
SP -1--> FFFA [65530]
C1 POP 65
SP +1 --> FFFB [65531]
C1 POP 4
SP +1 --> FFFC [65532]
C5 PUSH 3
SP -1 --> FFFB [65531]
C5 PUSH 3
SP -1--> FFFA [65530]
C1 POP CA
SP +1 --> FFFB [65531]
C1 POP 3
SP +1 --> FFFC [65532]
C5 PUSH 2
SP -1 --> FFFB [65531]
C5 PUSH 2
SP -1--> FFFA [65530]
C1 POP 95
SP +1 --> FFFB [65531]
C1 POP 2
SP +1 --> FFFC [65532]
C5 PUSH 1
SP -1 --> FFFB [65531]
C5 PUSH 1
SP -1--> FFFA [65530]
C1 POP 2B
SP +1 --> FFFB [65531]
C1 POP 1
SP +1 --> FFFC [65532]
C9 POP 2E
SP +1 --> FFFD [65533]
C9 POP 0
SP +1 --> FFFE [65534]
CD PUSH 0
SP -1 --> FFFD [65533]
CD PUSH 0
SP -1 --> FFFC [65532]
C5 PUSH 4
SP -1 --> FFFB [65531]
C5 PUSH 4
SP -1--> FFFA [65530]
C1 POP CC
SP +1 --> FFFB [65531]
C1 POP 4
SP +1 --> FFFC [65532]
C5 PUSH 3
SP -1 --> FFFB [65531]
C5 PUSH 3
SP -1--> FFFA [65530]
C1 POP 99
SP +1 --> FFFB [65531]
C1 POP 3
SP +1 --> FFFC [65532]
C5 PUSH 2
SP -1 --> FFFB [65531]
C5 PUSH 2
SP -1--> FFFA [65530]
C1 POP 32
SP +1 --> FFFB [65531]
C1 POP 2
SP +1 --> FFFC [65532]
C5 PUSH 1
SP -1 --> FFFB [65531]
C5 PUSH 1
SP -1--> FFFA [65530]
C1 POP 65
SP +1 --> FFFB [65531]
C1 POP 1
SP +1 --> FFFC [65532]
C9 POP 2B
SP +1 --> FFFD [65533]
C9 POP 0
SP +1 --> FFFE [65534]
CD PUSH 0
SP -1 --> FFFD [65533]
CD PUSH 0
SP -1 --> FFFC [65532]
C5 PUSH 4
SP -1 --> FFFB [65531]
C5 PUSH 4
SP -1--> FFFA [65530]
C1 POP CA
SP +1 --> FFFB [65531]
C1 POP 4
SP +1 --> FFFC [65532]
C5 PUSH 3
SP -1 --> FFFB [65531]
C5 PUSH 3
SP -1--> FFFA [65530]
C1 POP 95
SP +1 --> FFFB [65531]
C1 POP 3
SP +1 --> FFFC [65532]
C5 PUSH 2
SP -1 --> FFFB [65531]
C5 PUSH 2
SP -1--> FFFA [65530]
C1 POP 2B
SP +1 --> FFFB [65531]
C1 POP 2
SP +1 --> FFFC [65532]
C5 PUSH 1
SP -1 --> FFFB [65531]
C5 PUSH 1
SP -1--> FFFA [65530]
C1 POP 56
SP +1 --> FFFB [65531]
C1 POP 1
SP +1 --> FFFC [65532]
C9 POP 2E
SP +1 --> FFFD [65533]
C9 POP 0
SP +1 --> FFFE [65534]
CD PUSH 0
SP -1 --> FFFD [65533]
CD PUSH 0
SP -1 --> FFFC [65532]
C5 PUSH 4
SP -1 --> FFFB [65531]
C5 PUSH 4
SP -1--> FFFA [65530]
C1 POP D
SP +1 --> FFFB [65531]
C1 POP 4
SP +1 --> FFFC [65532]
C5 PUSH 3
SP -1 --> FFFB [65531]
C5 PUSH 3
SP -1--> FFFA [65530]
C1 POP 1A
SP +1 --> FFFB [65531]
C1 POP 3
SP +1 --> FFFC [65532]
C5 PUSH 2
SP -1 --> FFFB [65531]
C5 PUSH 2
SP -1--> FFFA [65530]
C1 POP 34
SP +1 --> FFFB [65531]
C1 POP 2
SP +1 --> FFFC [65532]
C5 PUSH 1
SP -1 --> FFFB [65531]
C5 PUSH 1
SP -1--> FFFA [65530]
C1 POP 69
SP +1 --> FFFB [65531]
C1 POP 1
SP +1 --> FFFC [65532]
C9 POP 2B
SP +1 --> FFFD [65533]
C9 POP 0
SP +1 --> FFFE [65534]
CD PUSH 0
SP -1 --> FFFD [65533]
CD PUSH 0
SP -1 --> FFFC [65532]
C5 PUSH 4
SP -1 --> FFFB [65531]
C5 PUSH 4
SP -1--> FFFA [65530]
C1 POP D2
SP +1 --> FFFB [65531]
C1 POP 4
SP +1 --> FFFC [65532]
C5 PUSH 3
SP -1 --> FFFB [65531]
C5 PUSH 3
SP -1--> FFFA [65530]
C1 POP A4
SP +1 --> FFFB [65531]
C1 POP 3
SP +1 --> FFFC [65532]
C5 PUSH 2
SP -1 --> FFFB [65531]
C5 PUSH 2
SP -1--> FFFA [65530]
C1 POP 48
SP +1 --> FFFB [65531]
C1 POP 2
SP +1 --> FFFC [65532]
C5 PUSH 1
SP -1 --> FFFB [65531]
C5 PUSH 1
SP -1--> FFFA [65530]
C1 POP 90
SP +1 --> FFFB [65531]
C1 POP 1
SP +1 --> FFFC [65532]
C9 POP 2E
SP +1 --> FFFD [65533]
C9 POP 0
SP +1 --> FFFE [65534]
CD PUSH 0
SP -1 --> FFFD [65533]
CD PUSH 0
SP -1 --> FFFC [65532]
C5 PUSH 4
SP -1 --> FFFB [65531]
C5 PUSH 4
SP -1--> FFFA [65530]
C1 POP 0
SP +1 --> FFFB [65531]
C1 POP 4
SP +1 --> FFFC [65532]
C5 PUSH 3
SP -1 --> FFFB [65531]
C5 PUSH 3
SP -1--> FFFA [65530]
C1 POP 0
SP +1 --> FFFB [65531]
C1 POP 3
SP +1 --> FFFC [65532]
C5 PUSH 2
SP -1 --> FFFB [65531]
C5 PUSH 2
SP -1--> FFFA [65530]
C1 POP 0
SP +1 --> FFFB [65531]
C1 POP 2
SP +1 --> FFFC [65532]
C5 PUSH 1
SP -1 --> FFFB [65531]
C5 PUSH 1
SP -1--> FFFA [65530]
C1 POP 0
SP +1 --> FFFB [65531]
C1 POP 1
SP +1 --> FFFC [65532]
C9 POP 2B
SP +1 --> FFFD [65533]
C9 POP 0
SP +1 --> FFFE [65534]
CD PUSH 0
SP -1 --> FFFD [65533]
CD PUSH 0
SP -1 --> FFFC [65532]
C5 PUSH 4
SP -1 --> FFFB [65531]
C5 PUSH 4
SP -1--> FFFA [65530]
C1 POP 0
SP +1 --> FFFB [65531]
C1 POP 4
SP +1 --> FFFC [65532]
C5 PUSH 3
SP -1 --> FFFB [65531]
C5 PUSH 3
SP -1--> FFFA [65530]
C1 POP 0
SP +1 --> FFFB [65531]
C1 POP 3
SP +1 --> FFFC [65532]
C5 PUSH 2
SP -1 --> FFFB [65531]
C5 PUSH 2
SP -1--> FFFA [65530]
C1 POP 0
SP +1 --> FFFB [65531]
C1 POP 2
SP +1 --> FFFC [65532]
C5 PUSH 1
SP -1 --> FFFB [65531]
C5 PUSH 1
SP -1--> FFFA [65530]
C1 POP 0
SP +1 --> FFFB [65531]
C1 POP 1
SP +1 --> FFFC [65532]
C9 POP 2E
SP +1 --> FFFD [65533]
C9 POP 0
SP +1 --> FFFE [65534]
CD PUSH 0
SP -1 --> FFFD [65533]
CD PUSH 0
SP -1 --> FFFC [65532]
C5 PUSH 4
SP -1 --> FFFB [65531]
C5 PUSH 4
SP -1--> FFFA [65530]
C1 POP B
SP +1 --> FFFB [65531]
C1 POP 4
SP +1 --> FFFC [65532]
C5 PUSH 3
SP -1 --> FFFB [65531]
C5 PUSH 3
SP -1--> FFFA [65530]
C1 POP 16
SP +1 --> FFFB [65531]
C1 POP 3
SP +1 --> FFFC [65532]
C5 PUSH 2
SP -1 --> FFFB [65531]
C5 PUSH 2
SP -1--> FFFA [65530]
C1 POP 2C
SP +1 --> FFFB [65531]
C1 POP 2
SP +1 --> FFFC [65532]
C5 PUSH 1
SP -1 --> FFFB [65531]
C5 PUSH 1
SP -1--> FFFA [65530]
C1 POP 59
SP +1 --> FFFB [65531]
C1 POP 1
SP +1 --> FFFC [65532]
C9 POP 2B
SP +1 --> FFFD [65533]
C9 POP 0
SP +1 --> FFFE [65534]
CD PUSH 0
SP -1 --> FFFD [65533]
CD PUSH 0
SP -1 --> FFFC [65532]
C5 PUSH 4
SP -1 --> FFFB [65531]
C5 PUSH 4
SP -1--> FFFA [65530]
C1 POP B3
SP +1 --> FFFB [65531]
C1 POP 4
SP +1 --> FFFC [65532]
C5 PUSH 3
SP -1 --> FFFB [65531]
C5 PUSH 3
SP -1--> FFFA [65530]
C1 POP 66
SP +1 --> FFFB [65531]
C1 POP 3
SP +1 --> FFFC [65532]
C5 PUSH 2
SP -1 --> FFFB [65531]
C5 PUSH 2
SP -1--> FFFA [65530]
C1 POP CC
SP +1 --> FFFB [65531]
C1 POP 2
SP +1 --> FFFC [65532]
C5 PUSH 1
SP -1 --> FFFB [65531]
C5 PUSH 1
SP -1--> FFFA [65530]
C1 POP 98
SP +1 --> FFFB [65531]
C1 POP 1
SP +1 --> FFFC [65532]
C9 POP 2E
SP +1 --> FFFD [65533]
C9 POP 0
SP +1 --> FFFE [65534]
CD PUSH 0
SP -1 --> FFFD [65533]
CD PUSH 0
SP -1 --> FFFC [65532]
C5 PUSH 4
SP -1 --> FFFB [65531]
C5 PUSH 4
SP -1--> FFFA [65530]
C1 POP 3
SP +1 --> FFFB [65531]
C1 POP 4
SP +1 --> FFFC [65532]
C5 PUSH 3
SP -1 --> FFFB [65531]
C5 PUSH 3
SP -1--> FFFA [65530]
C1 POP 6
SP +1 --> FFFB [65531]
C1 POP 3
SP +1 --> FFFC [65532]
C5 PUSH 2
SP -1 --> FFFB [65531]
C5 PUSH 2
SP -1--> FFFA [65530]
C1 POP C
SP +1 --> FFFB [65531]
C1 POP 2
SP +1 --> FFFC [65532]
C5 PUSH 1
SP -1 --> FFFB [65531]
C5 PUSH 1
SP -1--> FFFA [65530]
C1 POP 18
SP +1 --> FFFB [65531]
C1 POP 1
SP +1 --> FFFC [65532]
C9 POP 2B
SP +1 --> FFFD [65533]
C9 POP 0
SP +1 --> FFFE [65534]
CD PUSH 0
SP -1 --> FFFD [65533]
CD PUSH 0
SP -1 --> FFFC [65532]
C5 PUSH 4
SP -1 --> FFFB [65531]
C5 PUSH 4
SP -1--> FFFA [65530]
C1 POP 31
SP +1 --> FFFB [65531]
C1 POP 4
SP +1 --> FFFC [65532]
C5 PUSH 3
SP -1 --> FFFB [65531]
C5 PUSH 3
SP -1--> FFFA [65530]
C1 POP 62
SP +1 --> FFFB [65531]
C1 POP 3
SP +1 --> FFFC [65532]
C5 PUSH 2
SP -1 --> FFFB [65531]
C5 PUSH 2
SP -1--> FFFA [65530]
C1 POP C4
SP +1 --> FFFB [65531]
C1 POP 2
SP +1 --> FFFC [65532]
C5 PUSH 1
SP -1 --> FFFB [65531]
C5 PUSH 1
SP -1--> FFFA [65530]
C1 POP 88
SP +1 --> FFFB [65531]
C1 POP 1
SP +1 --> FFFC [65532]
C9 POP 2E
SP +1 --> FFFD [65533]
C9 POP 0
SP +1 --> FFFE [65534]
CD PUSH 0
SP -1 --> FFFD [65533]
CD PUSH 0
SP -1 --> FFFC [65532]
C5 PUSH 4
SP -1 --> FFFB [65531]
C5 PUSH 4
SP -1--> FFFA [65530]
C1 POP 73
SP +1 --> FFFB [65531]
C1 POP 4
SP +1 --> FFFC [65532]
C5 PUSH 3
SP -1 --> FFFB [65531]
C5 PUSH 3
SP -1--> FFFA [65530]
C1 POP E6
SP +1 --> FFFB [65531]
C1 POP 3
SP +1 --> FFFC [65532]
C5 PUSH 2
SP -1 --> FFFB [65531]
C5 PUSH 2
SP -1--> FFFA [65530]
C1 POP CD
SP +1 --> FFFB [65531]
C1 POP 2
SP +1 --> FFFC [65532]
C5 PUSH 1
SP -1 --> FFFB [65531]
C5 PUSH 1
SP -1--> FFFA [65530]
C1 POP 9A
SP +1 --> FFFB [65531]
C1 POP 1
SP +1 --> FFFC [65532]
C9 POP 2B
SP +1 --> FFFD [65533]
C9 POP 0
SP +1 --> FFFE [65534]
CD PUSH 0
SP -1 --> FFFD [65533]
CD PUSH 0
SP -1 --> FFFC [65532]
C5 PUSH 4
SP -1 --> FFFB [65531]
C5 PUSH 4
SP -1--> FFFA [65530]
C1 POP 35
SP +1 --> FFFB [65531]
C1 POP 4
SP +1 --> FFFC [65532]
C5 PUSH 3
SP -1 --> FFFB [65531]
C5 PUSH 3
SP -1--> FFFA [65530]
C1 POP 6A
SP +1 --> FFFB [65531]
C1 POP 3
SP +1 --> FFFC [65532]
C5 PUSH 2
SP -1 --> FFFB [65531]
C5 PUSH 2
SP -1--> FFFA [65530]
C1 POP D5
SP +1 --> FFFB [65531]
C1 POP 2
SP +1 --> FFFC [65532]
C5 PUSH 1
SP -1 --> FFFB [65531]
C5 PUSH 1
SP -1--> FFFA [65530]
C1 POP AB
SP +1 --> FFFB [65531]
C1 POP 1
SP +1 --> FFFC [65532]
C9 POP 2E
SP +1 --> FFFD [65533]
C9 POP 0
SP +1 --> FFFE [65534]
CD PUSH 0
SP -1 --> FFFD [65533]
CD PUSH 0
SP -1 --> FFFC [65532]
C5 PUSH 4
SP -1 --> FFFB [65531]
C5 PUSH 4
SP -1--> FFFA [65530]
C1 POP 0
SP +1 --> FFFB [65531]
C1 POP 4
SP +1 --> FFFC [65532]
C5 PUSH 3
SP -1 --> FFFB [65531]
C5 PUSH 3
SP -1--> FFFA [65530]
C1 POP 0
SP +1 --> FFFB [65531]
C1 POP 3
SP +1 --> FFFC [65532]
C5 PUSH 2
SP -1 --> FFFB [65531]
C5 PUSH 2
SP -1--> FFFA [65530]
C1 POP 0
SP +1 --> FFFB [65531]
C1 POP 2
SP +1 --> FFFC [65532]
C5 PUSH 1
SP -1 --> FFFB [65531]
C5 PUSH 1
SP -1--> FFFA [65530]
C1 POP 0
SP +1 --> FFFB [65531]
C1 POP 1
SP +1 --> FFFC [65532]
C9 POP 2B
SP +1 --> FFFD [65533]
C9 POP 0
SP +1 --> FFFE [65534]
CD PUSH 0
SP -1 --> FFFD [65533]
CD PUSH 0
SP -1 --> FFFC [65532]
C5 PUSH 4
SP -1 --> FFFB [65531]
C5 PUSH 4
SP -1--> FFFA [65530]
C1 POP 0
SP +1 --> FFFB [65531]
C1 POP 4
SP +1 --> FFFC [65532]
C5 PUSH 3
SP -1 --> FFFB [65531]
C5 PUSH 3
SP -1--> FFFA [65530]
C1 POP 0
SP +1 --> FFFB [65531]
C1 POP 3
SP +1 --> FFFC [65532]
C5 PUSH 2
SP -1 --> FFFB [65531]
C5 PUSH 2
SP -1--> FFFA [65530]
C1 POP 0
SP +1 --> FFFB [65531]
C1 POP 2
SP +1 --> FFFC [65532]
C5 PUSH 1
SP -1 --> FFFB [65531]
C5 PUSH 1
SP -1--> FFFA [65530]
C1 POP 0
SP +1 --> FFFB [65531]
C1 POP 1
SP +1 --> FFFC [65532]
C9 POP 2E
SP +1 --> FFFD [65533]
C9 POP 0
SP +1 --> FFFE [65534]
CD PUSH 0
SP -1 --> FFFD [65533]
CD PUSH 0
SP -1 --> FFFC [65532]
C5 PUSH 4
SP -1 --> FFFB [65531]
C5 PUSH 4
SP -1--> FFFA [65530]
C1 POP 83
SP +1 --> FFFB [65531]
C1 POP 4
SP +1 --> FFFC [65532]
C5 PUSH 3
SP -1 --> FFFB [65531]
C5 PUSH 3
SP -1--> FFFA [65530]
C1 POP 7
SP +1 --> FFFB [65531]
C1 POP 3
SP +1 --> FFFC [65532]
C5 PUSH 2
SP -1 --> FFFB [65531]
C5 PUSH 2
SP -1--> FFFA [65530]
C1 POP E
SP +1 --> FFFB [65531]
C1 POP 2
SP +1 --> FFFC [65532]
C5 PUSH 1
SP -1 --> FFFB [65531]
C5 PUSH 1
SP -1--> FFFA [65530]
C1 POP 1C
SP +1 --> FFFB [65531]
C1 POP 1
SP +1 --> FFFC [65532]
C9 POP 2B
SP +1 --> FFFD [65533]
C9 POP 0
SP +1 --> FFFE [65534]
CD PUSH 0
SP -1 --> FFFD [65533]
CD PUSH 0
SP -1 --> FFFC [65532]
C5 PUSH 4
SP -1 --> FFFB [65531]
C5 PUSH 4
SP -1--> FFFA [65530]
C1 POP 39
SP +1 --> FFFB [65531]
C1 POP 4
SP +1 --> FFFC [65532]
C5 PUSH 3
SP -1 --> FFFB [65531]
C5 PUSH 3
SP -1--> FFFA [65530]
C1 POP 73
SP +1 --> FFFB [65531]
C1 POP 3
SP +1 --> FFFC [65532]
C5 PUSH 2
SP -1 --> FFFB [65531]
C5 PUSH 2
SP -1--> FFFA [65530]
C1 POP E6
SP +1 --> FFFB [65531]
C1 POP 2
SP +1 --> FFFC [65532]
C5 PUSH 1
SP -1 --> FFFB [65531]
C5 PUSH 1
SP -1--> FFFA [65530]
C1 POP CC
SP +1 --> FFFB [65531]
C1 POP 1
SP +1 --> FFFC [65532]
C9 POP 2E
SP +1 --> FFFD [65533]
C9 POP 0
SP +1 --> FFFE [65534]
CD PUSH 0
SP -1 --> FFFD [65533]
CD PUSH 0
SP -1 --> FFFC [65532]
C5 PUSH 4
SP -1 --> FFFB [65531]
C5 PUSH 4
SP -1--> FFFA [65530]
C1 POP 0
SP +1 --> FFFB [65531]
C1 POP 4
SP +1 --> FFFC [65532]
C5 PUSH 3
SP -1 --> FFFB [65531]
C5 PUSH 3
SP -1--> FFFA [65530]
C1 POP 0
SP +1 --> FFFB [65531]
C1 POP 3
SP +1 --> FFFC [65532]
C5 PUSH 2
SP -1 --> FFFB [65531]
C5 PUSH 2
SP -1--> FFFA [65530]
C1 POP 0
SP +1 --> FFFB [65531]
C1 POP 2
SP +1 --> FFFC [65532]
C5 PUSH 1
SP -1 --> FFFB [65531]
C5 PUSH 1
SP -1--> FFFA [65530]
C1 POP 0
SP +1 --> FFFB [65531]
C1 POP 1
SP +1 --> FFFC [65532]
C9 POP 2B
SP +1 --> FFFD [65533]
C9 POP 0
SP +1 --> FFFE [65534]
CD PUSH 0
SP -1 --> FFFD [65533]
CD PUSH 0
SP -1 --> FFFC [65532]
C5 PUSH 4
SP -1 --> FFFB [65531]
C5 PUSH 4
SP -1--> FFFA [65530]
C1 POP 0
SP +1 --> FFFB [65531]
C1 POP 4
SP +1 --> FFFC [65532]
C5 PUSH 3
SP -1 --> FFFB [65531]
C5 PUSH 3
SP -1--> FFFA [65530]
C1 POP 0
SP +1 --> FFFB [65531]
C1 POP 3
SP +1 --> FFFC [65532]
C5 PUSH 2
SP -1 --> FFFB [65531]
C5 PUSH 2
SP -1--> FFFA [65530]
C1 POP 0
SP +1 --> FFFB [65531]
C1 POP 2
SP +1 --> FFFC [65532]
C5 PUSH 1
SP -1 --> FFFB [65531]
C5 PUSH 1
SP -1--> FFFA [65530]
C1 POP 0
SP +1 --> FFFB [65531]
C1 POP 1
SP +1 --> FFFC [65532]
C9 POP 2E
SP +1 --> FFFD [65533]
C9 POP 0
SP +1 --> FFFE [65534]
CD PUSH 0
SP -1 --> FFFD [65533]
CD PUSH 0
SP -1 --> FFFC [65532]
C5 PUSH 4
SP -1 --> FFFB [65531]
C5 PUSH 4
SP -1--> FFFA [65530]
C1 POP C
SP +1 --> FFFB [65531]
C1 POP 4
SP +1 --> FFFC [65532]
C5 PUSH 3
SP -1 --> FFFB [65531]
C5 PUSH 3
SP -1--> FFFA [65530]
C1 POP 18
SP +1 --> FFFB [65531]
C1 POP 3
SP +1 --> FFFC [65532]
C5 PUSH 2
SP -1 --> FFFB [65531]
C5 PUSH 2
SP -1--> FFFA [65530]
C1 POP 30
SP +1 --> FFFB [65531]
C1 POP 2
SP +1 --> FFFC [65532]
C5 PUSH 1
SP -1 --> FFFB [65531]
C5 PUSH 1
SP -1--> FFFA [65530]
C1 POP 61
SP +1 --> FFFB [65531]
C1 POP 1
SP +1 --> FFFC [65532]
C9 POP 2B
SP +1 --> FFFD [65533]
C9 POP 0
SP +1 --> FFFE [65534]
CD PUSH 0
SP -1 --> FFFD [65533]
CD PUSH 0
SP -1 --> FFFC [65532]
C5 PUSH 4
SP -1 --> FFFB [65531]
C5 PUSH 4
SP -1--> FFFA [65530]
C1 POP C2
SP +1 --> FFFB [65531]
C1 POP 4
SP +1 --> FFFC [65532]
C5 PUSH 3
SP -1 --> FFFB [65531]
C5 PUSH 3
SP -1--> FFFA [65530]
C1 POP 84
SP +1 --> FFFB [65531]
C1 POP 3
SP +1 --> FFFC [65532]
C5 PUSH 2
SP -1 --> FFFB [65531]
C5 PUSH 2
SP -1--> FFFA [65530]
C1 POP 8
SP +1 --> FFFB [65531]
C1 POP 2
SP +1 --> FFFC [65532]
C5 PUSH 1
SP -1 --> FFFB [65531]
C5 PUSH 1
SP -1--> FFFA [65530]
C1 POP 10
SP +1 --> FFFB [65531]
C1 POP 1
SP +1 --> FFFC [65532]
C9 POP 2E
SP +1 --> FFFD [65533]
C9 POP 0
SP +1 --> FFFE [65534]
CD PUSH 0
SP -1 --> FFFD [65533]
CD PUSH 0
SP -1 --> FFFC [65532]
C5 PUSH 4
SP -1 --> FFFB [65531]
C5 PUSH 4
SP -1--> FFFA [65530]
C1 POP 0
SP +1 --> FFFB [65531]
C1 POP 4
SP +1 --> FFFC [65532]
C5 PUSH 3
SP -1 --> FFFB [65531]
C5 PUSH 3
SP -1--> FFFA [65530]
C1 POP 0
SP +1 --> FFFB [65531]
C1 POP 3
SP +1 --> FFFC [65532]
C5 PUSH 2
SP -1 --> FFFB [65531]
C5 PUSH 2
SP -1--> FFFA [65530]
C1 POP 0
SP +1 --> FFFB [65531]
C1 POP 2
SP +1 --> FFFC [65532]
C5 PUSH 1
SP -1 --> FFFB [65531]
C5 PUSH 1
SP -1--> FFFA [65530]
C1 POP 0
SP +1 --> FFFB [65531]
C1 POP 1
SP +1 --> FFFC [65532]
C9 POP 2B
SP +1 --> FFFD [65533]
C9 POP 0
SP +1 --> FFFE [65534]
CD PUSH 0
SP -1 --> FFFD [65533]
CD PUSH 0
SP -1 --> FFFC [65532]
C5 PUSH 4
SP -1 --> FFFB [65531]
C5 PUSH 4
SP -1--> FFFA [65530]
C1 POP 0
SP +1 --> FFFB [65531]
C1 POP 4
SP +1 --> FFFC [65532]
C5 PUSH 3
SP -1 --> FFFB [65531]
C5 PUSH 3
SP -1--> FFFA [65530]
C1 POP 0
SP +1 --> FFFB [65531]
C1 POP 3
SP +1 --> FFFC [65532]
C5 PUSH 2
SP -1 --> FFFB [65531]
C5 PUSH 2
SP -1--> FFFA [65530]
C1 POP 0
SP +1 --> FFFB [65531]
C1 POP 2
SP +1 --> FFFC [65532]
C5 PUSH 1
SP -1 --> FFFB [65531]
C5 PUSH 1
SP -1--> FFFA [65530]
C1 POP 0
SP +1 --> FFFB [65531]
C1 POP 1
SP +1 --> FFFC [65532]
C9 POP 2E
SP +1 --> FFFD [65533]
C9 POP 0
SP +1 --> FFFE [65534]
CD PUSH 0
SP -1 --> FFFD [65533]
CD PUSH 0
SP -1 --> FFFC [65532]
C5 PUSH 4
SP -1 --> FFFB [65531]
C5 PUSH 4
SP -1--> FFFA [65530]
C1 POP D
SP +1 --> FFFB [65531]
C1 POP 4
SP +1 --> FFFC [65532]
C5 PUSH 3
SP -1 --> FFFB [65531]
C5 PUSH 3
SP -1--> FFFA [65530]
C1 POP 1A
SP +1 --> FFFB [65531]
C1 POP 3
SP +1 --> FFFC [65532]
C5 PUSH 2
SP -1 --> FFFB [65531]
C5 PUSH 2
SP -1--> FFFA [65530]
C1 POP 34
SP +1 --> FFFB [65531]
C1 POP 2
SP +1 --> FFFC [65532]
C5 PUSH 1
SP -1 --> FFFB [65531]
C5 PUSH 1
SP -1--> FFFA [65530]
C1 POP 69
SP +1 --> FFFB [65531]
C1 POP 1
SP +1 --> FFFC [65532]
C9 POP 2B
SP +1 --> FFFD [65533]
C9 POP 0
SP +1 --> FFFE [65534]
CD PUSH 0
SP -1 --> FFFD [65533]
CD PUSH 0
SP -1 --> FFFC [65532]
C5 PUSH 4
SP -1 --> FFFB [65531]
C5 PUSH 4
SP -1--> FFFA [65530]
C1 POP D2
SP +1 --> FFFB [65531]
C1 POP 4
SP +1 --> FFFC [65532]
C5 PUSH 3
SP -1 --> FFFB [65531]
C5 PUSH 3
SP -1--> FFFA [65530]
C1 POP A4
SP +1 --> FFFB [65531]
C1 POP 3
SP +1 --> FFFC [65532]
C5 PUSH 2
SP -1 --> FFFB [65531]
C5 PUSH 2
SP -1--> FFFA [65530]
C1 POP 48
SP +1 --> FFFB [65531]
C1 POP 2
SP +1 --> FFFC [65532]
C5 PUSH 1
SP -1 --> FFFB [65531]
C5 PUSH 1
SP -1--> FFFA [65530]
C1 POP 90
SP +1 --> FFFB [65531]
C1 POP 1
SP +1 --> FFFC [65532]
C9 POP 2E
SP +1 --> FFFD [65533]
C9 POP 0
SP +1 --> FFFE [65534]
CD PUSH 0
SP -1 --> FFFD [65533]
CD PUSH 0
SP -1 --> FFFC [65532]
C5 PUSH 4
SP -1 --> FFFB [65531]
C5 PUSH 4
SP -1--> FFFA [65530]
C1 POP 0
SP +1 --> FFFB [65531]
C1 POP 4
SP +1 --> FFFC [65532]
C5 PUSH 3
SP -1 --> FFFB [65531]
C5 PUSH 3
SP -1--> FFFA [65530]
C1 POP 0
SP +1 --> FFFB [65531]
C1 POP 3
SP +1 --> FFFC [65532]
C5 PUSH 2
SP -1 --> FFFB [65531]
C5 PUSH 2
SP -1--> FFFA [65530]
C1 POP 0
SP +1 --> FFFB [65531]
C1 POP 2
SP +1 --> FFFC [65532]
C5 PUSH 1
SP -1 --> FFFB [65531]
C5 PUSH 1
SP -1--> FFFA [65530]
C1 POP 0
SP +1 --> FFFB [65531]
C1 POP 1
SP +1 --> FFFC [65532]
C9 POP 2B
SP +1 --> FFFD [65533]
C9 POP 0
SP +1 --> FFFE [65534]
CD PUSH 0
SP -1 --> FFFD [65533]
CD PUSH 0
SP -1 --> FFFC [65532]
C5 PUSH 4
SP -1 --> FFFB [65531]
C5 PUSH 4
SP -1--> FFFA [65530]
C1 POP 0
SP +1 --> FFFB [65531]
C1 POP 4
SP +1 --> FFFC [65532]
C5 PUSH 3
SP -1 --> FFFB [65531]
C5 PUSH 3
SP -1--> FFFA [65530]
C1 POP 0
SP +1 --> FFFB [65531]
C1 POP 3
SP +1 --> FFFC [65532]
C5 PUSH 2
SP -1 --> FFFB [65531]
C5 PUSH 2
SP -1--> FFFA [65530]
C1 POP 0
SP +1 --> FFFB [65531]
C1 POP 2
SP +1 --> FFFC [65532]
C5 PUSH 1
SP -1 --> FFFB [65531]
C5 PUSH 1
SP -1--> FFFA [65530]
C1 POP 0
SP +1 --> FFFB [65531]
C1 POP 1
SP +1 --> FFFC [65532]
C9 POP 2E
SP +1 --> FFFD [65533]
C9 POP 0
SP +1 --> FFFE [65534]
CD PUSH 0
SP -1 --> FFFD [65533]
CD PUSH 0
SP -1 --> FFFC [65532]
C5 PUSH 4
SP -1 --> FFFB [65531]
C5 PUSH 4
SP -1--> FFFA [65530]
C1 POP 8
SP +1 --> FFFB [65531]
C1 POP 4
SP +1 --> FFFC [65532]
C5 PUSH 3
SP -1 --> FFFB [65531]
C5 PUSH 3
SP -1--> FFFA [65530]
C1 POP 10
SP +1 --> FFFB [65531]
C1 POP 3
SP +1 --> FFFC [65532]
C5 PUSH 2
SP -1 --> FFFB [65531]
C5 PUSH 2
SP -1--> FFFA [65530]
C1 POP 20
SP +1 --> FFFB [65531]
C1 POP 2
SP +1 --> FFFC [65532]
C5 PUSH 1
SP -1 --> FFFB [65531]
C5 PUSH 1
SP -1--> FFFA [65530]
C1 POP 41
SP +1 --> FFFB [65531]
C1 POP 1
SP +1 --> FFFC [65532]
C9 POP 2B
SP +1 --> FFFD [65533]
C9 POP 0
SP +1 --> FFFE [65534]
CD PUSH 0
SP -1 --> FFFD [65533]
CD PUSH 0
SP -1 --> FFFC [65532]
C5 PUSH 4
SP -1 --> FFFB [65531]
C5 PUSH 4
SP -1--> FFFA [65530]
C1 POP 82
SP +1 --> FFFB [65531]
C1 POP 4
SP +1 --> FFFC [65532]
C5 PUSH 3
SP -1 --> FFFB [65531]
C5 PUSH 3
SP -1--> FFFA [65530]
C1 POP 4
SP +1 --> FFFB [65531]
C1 POP 3
SP +1 --> FFFC [65532]
C5 PUSH 2
SP -1 --> FFFB [65531]
C5 PUSH 2
SP -1--> FFFA [65530]
C1 POP 8
SP +1 --> FFFB [65531]
C1 POP 2
SP +1 --> FFFC [65532]
C5 PUSH 1
SP -1 --> FFFB [65531]
C5 PUSH 1
SP -1--> FFFA [65530]
C1 POP 10
SP +1 --> FFFB [65531]
C1 POP 1
SP +1 --> FFFC [65532]
C9 POP 2E
SP +1 --> FFFD [65533]
C9 POP 0
SP +1 --> FFFE [65534]
CD PUSH 0
SP -1 --> FFFD [65533]
CD PUSH 0
SP -1 --> FFFC [65532]
C5 PUSH 4
SP -1 --> FFFB [65531]
C5 PUSH 4
SP -1--> FFFA [65530]
C1 POP 11
SP +1 --> FFFB [65531]
C1 POP 4
SP +1 --> FFFC [65532]
C5 PUSH 3
SP -1 --> FFFB [65531]
C5 PUSH 3
SP -1--> FFFA [65530]
C1 POP 22
SP +1 --> FFFB [65531]
C1 POP 3
SP +1 --> FFFC [65532]
C5 PUSH 2
SP -1 --> FFFB [65531]
C5 PUSH 2
SP -1--> FFFA [65530]
C1 POP 44
SP +1 --> FFFB [65531]
C1 POP 2
SP +1 --> FFFC [65532]
C5 PUSH 1
SP -1 --> FFFB [65531]
C5 PUSH 1
SP -1--> FFFA [65530]
C1 POP 88
SP +1 --> FFFB [65531]
C1 POP 1
SP +1 --> FFFC [65532]
C9 POP 2B
SP +1 --> FFFD [65533]
C9 POP 0
SP +1 --> FFFE [65534]
CD PUSH 0
SP -1 --> FFFD [65533]
CD PUSH 0
SP -1 --> FFFC [65532]
C5 PUSH 4
SP -1 --> FFFB [65531]
C5 PUSH 4
SP -1--> FFFA [65530]
C1 POP 10
SP +1 --> FFFB [65531]
C1 POP 4
SP +1 --> FFFC [65532]
C5 PUSH 3
SP -1 --> FFFB [65531]
C5 PUSH 3
SP -1--> FFFA [65530]
C1 POP 20
SP +1 --> FFFB [65531]
C1 POP 3
SP +1 --> FFFC [65532]
C5 PUSH 2
SP -1 --> FFFB [65531]
C5 PUSH 2
SP -1--> FFFA [65530]
C1 POP 40
SP +1 --> FFFB [65531]
C1 POP 2
SP +1 --> FFFC [65532]
C5 PUSH 1
SP -1 --> FFFB [65531]
C5 PUSH 1
SP -1--> FFFA [65530]
C1 POP 80
SP +1 --> FFFB [65531]
C1 POP 1
SP +1 --> FFFC [65532]
C9 POP 2E
SP +1 --> FFFD [65533]
C9 POP 0
SP +1 --> FFFE [65534]
CD PUSH 0
SP -1 --> FFFD [65533]
CD PUSH 0
SP -1 --> FFFC [65532]
C5 PUSH 4
SP -1 --> FFFB [65531]
C5 PUSH 4
SP -1--> FFFA [65530]
C1 POP 1F
SP +1 --> FFFB [65531]
C1 POP 4
SP +1 --> FFFC [65532]
C5 PUSH 3
SP -1 --> FFFB [65531]
C5 PUSH 3
SP -1--> FFFA [65530]
C1 POP 3E
SP +1 --> FFFB [65531]
C1 POP 3
SP +1 --> FFFC [65532]
C5 PUSH 2
SP -1 --> FFFB [65531]
C5 PUSH 2
SP -1--> FFFA [65530]
C1 POP 7C
SP +1 --> FFFB [65531]
C1 POP 2
SP +1 --> FFFC [65532]
C5 PUSH 1
SP -1 --> FFFB [65531]
C5 PUSH 1
SP -1--> FFFA [65530]
C1 POP F9
SP +1 --> FFFB [65531]
C1 POP 1
SP +1 --> FFFC [65532]
C9 POP 2B
SP +1 --> FFFD [65533]
C9 POP 0
SP +1 --> FFFE [65534]
CD PUSH 0
SP -1 --> FFFD [65533]
CD PUSH 0
SP -1 --> FFFC [65532]
C5 PUSH 4
SP -1 --> FFFB [65531]
C5 PUSH 4
SP -1--> FFFA [65530]
C1 POP F3
SP +1 --> FFFB [65531]
C1 POP 4
SP +1 --> FFFC [65532]
C5 PUSH 3
SP -1 --> FFFB [65531]
C5 PUSH 3
SP -1--> FFFA [65530]
C1 POP E6
SP +1 --> FFFB [65531]
C1 POP 3
SP +1 --> FFFC [65532]
C5 PUSH 2
SP -1 --> FFFB [65531]
C5 PUSH 2
SP -1--> FFFA [65530]
C1 POP CC
SP +1 --> FFFB [65531]
C1 POP 2
SP +1 --> FFFC [65532]
C5 PUSH 1
SP -1 --> FFFB [65531]
C5 PUSH 1
SP -1--> FFFA [65530]
C1 POP 98
SP +1 --> FFFB [65531]
C1 POP 1
SP +1 --> FFFC [65532]
C9 POP 2E
SP +1 --> FFFD [65533]
C9 POP 0
SP +1 --> FFFE [65534]
CD PUSH 0
SP -1 --> FFFD [65533]
CD PUSH 0
SP -1 --> FFFC [65532]
C5 PUSH 4
SP -1 --> FFFB [65531]
C5 PUSH 4
SP -1--> FFFA [65530]
C1 POP 88
SP +1 --> FFFB [65531]
C1 POP 4
SP +1 --> FFFC [65532]
C5 PUSH 3
SP -1 --> FFFB [65531]
C5 PUSH 3
SP -1--> FFFA [65530]
C1 POP 11
SP +1 --> FFFB [65531]
C1 POP 3
SP +1 --> FFFC [65532]
C5 PUSH 2
SP -1 --> FFFB [65531]
C5 PUSH 2
SP -1--> FFFA [65530]
C1 POP 22
SP +1 --> FFFB [65531]
C1 POP 2
SP +1 --> FFFC [65532]
C5 PUSH 1
SP -1 --> FFFB [65531]
C5 PUSH 1
SP -1--> FFFA [65530]
C1 POP 45
SP +1 --> FFFB [65531]
C1 POP 1
SP +1 --> FFFC [65532]
C9 POP 2B
SP +1 --> FFFD [65533]
C9 POP 0
SP +1 --> FFFE [65534]
CD PUSH 0
SP -1 --> FFFD [65533]
CD PUSH 0
SP -1 --> FFFC [65532]
C5 PUSH 4
SP -1 --> FFFB [65531]
C5 PUSH 4
SP -1--> FFFA [65530]
C1 POP 8A
SP +1 --> FFFB [65531]
C1 POP 4
SP +1 --> FFFC [65532]
C5 PUSH 3
SP -1 --> FFFB [65531]
C5 PUSH 3
SP -1--> FFFA [65530]
C1 POP 15
SP +1 --> FFFB [65531]
C1 POP 3
SP +1 --> FFFC [65532]
C5 PUSH 2
SP -1 --> FFFB [65531]
C5 PUSH 2
SP -1--> FFFA [65530]
C1 POP 2A
SP +1 --> FFFB [65531]
C1 POP 2
SP +1 --> FFFC [65532]
C5 PUSH 1
SP -1 --> FFFB [65531]
C5 PUSH 1
SP -1--> FFFA [65530]
C1 POP 54
SP +1 --> FFFB [65531]
C1 POP 1
SP +1 --> FFFC [65532]
C9 POP 2E
SP +1 --> FFFD [65533]
C9 POP 0
SP +1 --> FFFE [65534]
CD PUSH 0
SP -1 --> FFFD [65533]
CD PUSH 0
SP -1 --> FFFC [65532]
C5 PUSH 4
SP -1 --> FFFB [65531]
C5 PUSH 4
SP -1--> FFFA [65530]
C1 POP 89
SP +1 --> FFFB [65531]
C1 POP 4
SP +1 --> FFFC [65532]
C5 PUSH 3
SP -1 --> FFFB [65531]
C5 PUSH 3
SP -1--> FFFA [65530]
C1 POP 13
SP +1 --> FFFB [65531]
C1 POP 3
SP +1 --> FFFC [65532]
C5 PUSH 2
SP -1 --> FFFB [65531]
C5 PUSH 2
SP -1--> FFFA [65530]
C1 POP 26
SP +1 --> FFFB [65531]
C1 POP 2
SP +1 --> FFFC [65532]
C5 PUSH 1
SP -1 --> FFFB [65531]
C5 PUSH 1
SP -1--> FFFA [65530]
C1 POP 4D
SP +1 --> FFFB [65531]
C1 POP 1
SP +1 --> FFFC [65532]
C9 POP 2B
SP +1 --> FFFD [65533]
C9 POP 0
SP +1 --> FFFE [65534]
CD PUSH 0
SP -1 --> FFFD [65533]
CD PUSH 0
SP -1 --> FFFC [65532]
C5 PUSH 4
SP -1 --> FFFB [65531]
C5 PUSH 4
SP -1--> FFFA [65530]
C1 POP 9A
SP +1 --> FFFB [65531]
C1 POP 4
SP +1 --> FFFC [65532]
C5 PUSH 3
SP -1 --> FFFB [65531]
C5 PUSH 3
SP -1--> FFFA [65530]
C1 POP 35
SP +1 --> FFFB [65531]
C1 POP 3
SP +1 --> FFFC [65532]
C5 PUSH 2
SP -1 --> FFFB [65531]
C5 PUSH 2
SP -1--> FFFA [65530]
C1 POP 6A
SP +1 --> FFFB [65531]
C1 POP 2
SP +1 --> FFFC [65532]
C5 PUSH 1
SP -1 --> FFFB [65531]
C5 PUSH 1
SP -1--> FFFA [65530]
C1 POP D4
SP +1 --> FFFB [65531]
C1 POP 1
SP +1 --> FFFC [65532]
C9 POP 2E
SP +1 --> FFFD [65533]
C9 POP 0
SP +1 --> FFFE [65534]
CD PUSH 0
SP -1 --> FFFD [65533]
CD PUSH 0
SP -1 --> FFFC [65532]
C5 PUSH 4
SP -1 --> FFFB [65531]
C5 PUSH 4
SP -1--> FFFA [65530]
C1 POP 0
SP +1 --> FFFB [65531]
C1 POP 4
SP +1 --> FFFC [65532]
C5 PUSH 3
SP -1 --> FFFB [65531]
C5 PUSH 3
SP -1--> FFFA [65530]
C1 POP 0
SP +1 --> FFFB [65531]
C1 POP 3
SP +1 --> FFFC [65532]
C5 PUSH 2
SP -1 --> FFFB [65531]
C5 PUSH 2
SP -1--> FFFA [65530]
C1 POP 0
SP +1 --> FFFB [65531]
C1 POP 2
SP +1 --> FFFC [65532]
C5 PUSH 1
SP -1 --> FFFB [65531]
C5 PUSH 1
SP -1--> FFFA [65530]
C1 POP 0
SP +1 --> FFFB [65531]
C1 POP 1
SP +1 --> FFFC [65532]
C9 POP 2B
SP +1 --> FFFD [65533]
C9 POP 0
SP +1 --> FFFE [65534]
CD PUSH 0
SP -1 --> FFFD [65533]
CD PUSH 0
SP -1 --> FFFC [65532]
C5 PUSH 4
SP -1 --> FFFB [65531]
C5 PUSH 4
SP -1--> FFFA [65530]
C1 POP 0
SP +1 --> FFFB [65531]
C1 POP 4
SP +1 --> FFFC [65532]
C5 PUSH 3
SP -1 --> FFFB [65531]
C5 PUSH 3
SP -1--> FFFA [65530]
C1 POP 0
SP +1 --> FFFB [65531]
C1 POP 3
SP +1 --> FFFC [65532]
C5 PUSH 2
SP -1 --> FFFB [65531]
C5 PUSH 2
SP -1--> FFFA [65530]
C1 POP 0
SP +1 --> FFFB [65531]
C1 POP 2
SP +1 --> FFFC [65532]
C5 PUSH 1
SP -1 --> FFFB [65531]
C5 PUSH 1
SP -1--> FFFA [65530]
C1 POP 0
SP +1 --> FFFB [65531]
C1 POP 1
SP +1 --> FFFC [65532]
C9 POP 2E
SP +1 --> FFFD [65533]
C9 POP 0
SP +1 --> FFFE [65534]
CD PUSH 0
SP -1 --> FFFD [65533]
CD PUSH 0
SP -1 --> FFFC [65532]
C5 PUSH 4
SP -1 --> FFFB [65531]
C5 PUSH 4
SP -1--> FFFA [65530]
C1 POP E
SP +1 --> FFFB [65531]
C1 POP 4
SP +1 --> FFFC [65532]
C5 PUSH 3
SP -1 --> FFFB [65531]
C5 PUSH 3
SP -1--> FFFA [65530]
C1 POP 1C
SP +1 --> FFFB [65531]
C1 POP 3
SP +1 --> FFFC [65532]
C5 PUSH 2
SP -1 --> FFFB [65531]
C5 PUSH 2
SP -1--> FFFA [65530]
C1 POP 38
SP +1 --> FFFB [65531]
C1 POP 2
SP +1 --> FFFC [65532]
C5 PUSH 1
SP -1 --> FFFB [65531]
C5 PUSH 1
SP -1--> FFFA [65530]
C1 POP 71
SP +1 --> FFFB [65531]
C1 POP 1
SP +1 --> FFFC [65532]
C9 POP 2B
SP +1 --> FFFD [65533]
C9 POP 0
SP +1 --> FFFE [65534]
CD PUSH 0
SP -1 --> FFFD [65533]
CD PUSH 0
SP -1 --> FFFC [65532]
C5 PUSH 4
SP -1 --> FFFB [65531]
C5 PUSH 4
SP -1--> FFFA [65530]
C1 POP E3
SP +1 --> FFFB [65531]
C1 POP 4
SP +1 --> FFFC [65532]
C5 PUSH 3
SP -1 --> FFFB [65531]
C5 PUSH 3
SP -1--> FFFA [65530]
C1 POP C6
SP +1 --> FFFB [65531]
C1 POP 3
SP +1 --> FFFC [65532]
C5 PUSH 2
SP -1 --> FFFB [65531]
C5 PUSH 2
SP -1--> FFFA [65530]
C1 POP 8C
SP +1 --> FFFB [65531]
C1 POP 2
SP +1 --> FFFC [65532]
C5 PUSH 1
SP -1 --> FFFB [65531]
C5 PUSH 1
SP -1--> FFFA [65530]
C1 POP 18
SP +1 --> FFFB [65531]
C1 POP 1
SP +1 --> FFFC [65532]
C9 POP 2E
SP +1 --> FFFD [65533]
C9 POP 0
SP +1 --> FFFE [65534]
CD PUSH 0
SP -1 --> FFFD [65533]
CD PUSH 0
SP -1 --> FFFC [65532]
C5 PUSH 4
SP -1 --> FFFB [65531]
C5 PUSH 4
SP -1--> FFFA [65530]
C1 POP DC
SP +1 --> FFFB [65531]
C1 POP 4
SP +1 --> FFFC [65532]
C5 PUSH 3
SP -1 --> FFFB [65531]
C5 PUSH 3
SP -1--> FFFA [65530]
C1 POP B9
SP +1 --> FFFB [65531]
C1 POP 3
SP +1 --> FFFC [65532]
C5 PUSH 2
SP -1 --> FFFB [65531]
C5 PUSH 2
SP -1--> FFFA [65530]
C1 POP 72
SP +1 --> FFFB [65531]
C1 POP 2
SP +1 --> FFFC [65532]
C5 PUSH 1
SP -1 --> FFFB [65531]
C5 PUSH 1
SP -1--> FFFA [65530]
C1 POP E5
SP +1 --> FFFB [65531]
C1 POP 1
SP +1 --> FFFC [65532]
C9 POP 2B
SP +1 --> FFFD [65533]
C9 POP 0
SP +1 --> FFFE [65534]
CD PUSH 0
SP -1 --> FFFD [65533]
CD PUSH 0
SP -1 --> FFFC [65532]
C5 PUSH 4
SP -1 --> FFFB [65531]
C5 PUSH 4
SP -1--> FFFA [65530]
C1 POP CA
SP +1 --> FFFB [65531]
C1 POP 4
SP +1 --> FFFC [65532]
C5 PUSH 3
SP -1 --> FFFB [65531]
C5 PUSH 3
SP -1--> FFFA [65530]
C1 POP 95
SP +1 --> FFFB [65531]
C1 POP 3
SP +1 --> FFFC [65532]
C5 PUSH 2
SP -1 --> FFFB [65531]
C5 PUSH 2
SP -1--> FFFA [65530]
C1 POP 2B
SP +1 --> FFFB [65531]
C1 POP 2
SP +1 --> FFFC [65532]
C5 PUSH 1
SP -1 --> FFFB [65531]
C5 PUSH 1
SP -1--> FFFA [65530]
C1 POP 56
SP +1 --> FFFB [65531]
C1 POP 1
SP +1 --> FFFC [65532]
C9 POP 2E
SP +1 --> FFFD [65533]
C9 POP 0
SP +1 --> FFFE [65534]
CD PUSH 0
SP -1 --> FFFD [65533]
CD PUSH 0
SP -1 --> FFFC [65532]
C5 PUSH 4
SP -1 --> FFFB [65531]
C5 PUSH 4
SP -1--> FFFA [65530]
C1 POP CC
SP +1 --> FFFB [65531]
C1 POP 4
SP +1 --> FFFC [65532]
C5 PUSH 3
SP -1 --> FFFB [65531]
C5 PUSH 3
SP -1--> FFFA [65530]
C1 POP 99
SP +1 --> FFFB [65531]
C1 POP 3
SP +1 --> FFFC [65532]
C5 PUSH 2
SP -1 --> FFFB [65531]
C5 PUSH 2
SP -1--> FFFA [65530]
C1 POP 32
SP +1 --> FFFB [65531]
C1 POP 2
SP +1 --> FFFC [65532]
C5 PUSH 1
SP -1 --> FFFB [65531]
C5 PUSH 1
SP -1--> FFFA [65530]
C1 POP 65
SP +1 --> FFFB [65531]
C1 POP 1
SP +1 --> FFFC [65532]
C9 POP 2B
SP +1 --> FFFD [65533]
C9 POP 0
SP +1 --> FFFE [65534]
CD PUSH 0
SP -1 --> FFFD [65533]
CD PUSH 0
SP -1 --> FFFC [65532]
C5 PUSH 4
SP -1 --> FFFB [65531]
C5 PUSH 4
SP -1--> FFFA [65530]
C1 POP CA
SP +1 --> FFFB [65531]
C1 POP 4
SP +1 --> FFFC [65532]
C5 PUSH 3
SP -1 --> FFFB [65531]
C5 PUSH 3
SP -1--> FFFA [65530]
C1 POP 95
SP +1 --> FFFB [65531]
C1 POP 3
SP +1 --> FFFC [65532]
C5 PUSH 2
SP -1 --> FFFB [65531]
C5 PUSH 2
SP -1--> FFFA [65530]
C1 POP 2B
SP +1 --> FFFB [65531]
C1 POP 2
SP +1 --> FFFC [65532]
C5 PUSH 1
SP -1 --> FFFB [65531]
C5 PUSH 1
SP -1--> FFFA [65530]
C1 POP 56
SP +1 --> FFFB [65531]
C1 POP 1
SP +1 --> FFFC [65532]
C9 POP 2E
SP +1 --> FFFD [65533]
C9 POP 0
SP +1 --> FFFE [65534]
CD PUSH 0
SP -1 --> FFFD [65533]
CD PUSH 0
SP -1 --> FFFC [65532]
C5 PUSH 4
SP -1 --> FFFB [65531]
C5 PUSH 4
SP -1--> FFFA [65530]
C1 POP 6E
SP +1 --> FFFB [65531]
C1 POP 4
SP +1 --> FFFC [65532]
C5 PUSH 3
SP -1 --> FFFB [65531]
C5 PUSH 3
SP -1--> FFFA [65530]
C1 POP DC
SP +1 --> FFFB [65531]
C1 POP 3
SP +1 --> FFFC [65532]
C5 PUSH 2
SP -1 --> FFFB [65531]
C5 PUSH 2
SP -1--> FFFA [65530]
C1 POP B9
SP +1 --> FFFB [65531]
C1 POP 2
SP +1 --> FFFC [65532]
C5 PUSH 1
SP -1 --> FFFB [65531]
C5 PUSH 1
SP -1--> FFFA [65530]
C1 POP 73
SP +1 --> FFFB [65531]
C1 POP 1
SP +1 --> FFFC [65532]
C9 POP 2B
SP +1 --> FFFD [65533]
C9 POP 0
SP +1 --> FFFE [65534]
CD PUSH 0
SP -1 --> FFFD [65533]
CD PUSH 0
SP -1 --> FFFC [65532]
C5 PUSH 4
SP -1 --> FFFB [65531]
C5 PUSH 4
SP -1--> FFFA [65530]
C1 POP E7
SP +1 --> FFFB [65531]
C1 POP 4
SP +1 --> FFFC [65532]
C5 PUSH 3
SP -1 --> FFFB [65531]
C5 PUSH 3
SP -1--> FFFA [65530]
C1 POP CE
SP +1 --> FFFB [65531]
C1 POP 3
SP +1 --> FFFC [65532]
C5 PUSH 2
SP -1 --> FFFB [65531]
C5 PUSH 2
SP -1--> FFFA [65530]
C1 POP 9D
SP +1 --> FFFB [65531]
C1 POP 2
SP +1 --> FFFC [65532]
C5 PUSH 1
SP -1 --> FFFB [65531]
C5 PUSH 1
SP -1--> FFFA [65530]
C1 POP 3B
SP +1 --> FFFB [65531]
C1 POP 1
SP +1 --> FFFC [65532]
C9 POP 2E
SP +1 --> FFFD [65533]
C9 POP 0
SP +1 --> FFFE [65534]
CD PUSH 0
SP -1 --> FFFD [65533]
CD PUSH 0
SP -1 --> FFFC [65532]
C5 PUSH 4
SP -1 --> FFFB [65531]
C5 PUSH 4
SP -1--> FFFA [65530]
C1 POP E6
SP +1 --> FFFB [65531]
C1 POP 4
SP +1 --> FFFC [65532]
C5 PUSH 3
SP -1 --> FFFB [65531]
C5 PUSH 3
SP -1--> FFFA [65530]
C1 POP CD
SP +1 --> FFFB [65531]
C1 POP 3
SP +1 --> FFFC [65532]
C5 PUSH 2
SP -1 --> FFFB [65531]
C5 PUSH 2
SP -1--> FFFA [65530]
C1 POP 9B
SP +1 --> FFFB [65531]
C1 POP 2
SP +1 --> FFFC [65532]
C5 PUSH 1
SP -1 --> FFFB [65531]
C5 PUSH 1
SP -1--> FFFA [65530]
C1 POP 36
SP +1 --> FFFB [65531]
C1 POP 1
SP +1 --> FFFC [65532]
C9 POP 2B
SP +1 --> FFFD [65533]
C9 POP 0
SP +1 --> FFFE [65534]
CD PUSH 0
SP -1 --> FFFD [65533]
CD PUSH 0
SP -1 --> FFFC [65532]
C5 PUSH 4
SP -1 --> FFFB [65531]
C5 PUSH 4
SP -1--> FFFA [65530]
C1 POP 6D
SP +1 --> FFFB [65531]
C1 POP 4
SP +1 --> FFFC [65532]
C5 PUSH 3
SP -1 --> FFFB [65531]
C5 PUSH 3
SP -1--> FFFA [65530]
C1 POP DB
SP +1 --> FFFB [65531]
C1 POP 3
SP +1 --> FFFC [65532]
C5 PUSH 2
SP -1 --> FFFB [65531]
C5 PUSH 2
SP -1--> FFFA [65530]
C1 POP B7
SP +1 --> FFFB [65531]
C1 POP 2
SP +1 --> FFFC [65532]
C5 PUSH 1
SP -1 --> FFFB [65531]
C5 PUSH 1
SP -1--> FFFA [65530]
C1 POP 6F
SP +1 --> FFFB [65531]
C1 POP 1
SP +1 --> FFFC [65532]
C9 POP 2E
SP +1 --> FFFD [65533]
C9 POP 0
SP +1 --> FFFE [65534]
CD PUSH 0
SP -1 --> FFFD [65533]
CD PUSH 0
SP -1 --> FFFC [65532]
C5 PUSH 4
SP -1 --> FFFB [65531]
C5 PUSH 4
SP -1--> FFFA [65530]
C1 POP DD
SP +1 --> FFFB [65531]
C1 POP 4
SP +1 --> FFFC [65532]
C5 PUSH 3
SP -1 --> FFFB [65531]
C5 PUSH 3
SP -1--> FFFA [65530]
C1 POP BB
SP +1 --> FFFB [65531]
C1 POP 3
SP +1 --> FFFC [65532]
C5 PUSH 2
SP -1 --> FFFB [65531]
C5 PUSH 2
SP -1--> FFFA [65530]
C1 POP 76
SP +1 --> FFFB [65531]
C1 POP 2
SP +1 --> FFFC [65532]
C5 PUSH 1
SP -1 --> FFFB [65531]
C5 PUSH 1
SP -1--> FFFA [65530]
C1 POP ED
SP +1 --> FFFB [65531]
C1 POP 1
SP +1 --> FFFC [65532]
C9 POP 2B
SP +1 --> FFFD [65533]
C9 POP 0
SP +1 --> FFFE [65534]
CD PUSH 0
SP -1 --> FFFD [65533]
CD PUSH 0
SP -1 --> FFFC [65532]
C5 PUSH 4
SP -1 --> FFFB [65531]
C5 PUSH 4
SP -1--> FFFA [65530]
C1 POP DA
SP +1 --> FFFB [65531]
C1 POP 4
SP +1 --> FFFC [65532]
C5 PUSH 3
SP -1 --> FFFB [65531]
C5 PUSH 3
SP -1--> FFFA [65530]
C1 POP B5
SP +1 --> FFFB [65531]
C1 POP 3
SP +1 --> FFFC [65532]
C5 PUSH 2
SP -1 --> FFFB [65531]
C5 PUSH 2
SP -1--> FFFA [65530]
C1 POP 6B
SP +1 --> FFFB [65531]
C1 POP 2
SP +1 --> FFFC [65532]
C5 PUSH 1
SP -1 --> FFFB [65531]
C5 PUSH 1
SP -1--> FFFA [65530]
C1 POP D6
SP +1 --> FFFB [65531]
C1 POP 1
SP +1 --> FFFC [65532]
C9 POP 2E
SP +1 --> FFFD [65533]
C9 POP 0
SP +1 --> FFFE [65534]
CD PUSH 0
SP -1 --> FFFD [65533]
CD PUSH 0
SP -1 --> FFFC [65532]
C5 PUSH 4
SP -1 --> FFFB [65531]
C5 PUSH 4
SP -1--> FFFA [65530]
C1 POP DD
SP +1 --> FFFB [65531]
C1 POP 4
SP +1 --> FFFC [65532]
C5 PUSH 3
SP -1 --> FFFB [65531]
C5 PUSH 3
SP -1--> FFFA [65530]
C1 POP BB
SP +1 --> FFFB [65531]
C1 POP 3
SP +1 --> FFFC [65532]
C5 PUSH 2
SP -1 --> FFFB [65531]
C5 PUSH 2
SP -1--> FFFA [65530]
C1 POP 76
SP +1 --> FFFB [65531]
C1 POP 2
SP +1 --> FFFC [65532]
C5 PUSH 1
SP -1 --> FFFB [65531]
C5 PUSH 1
SP -1--> FFFA [65530]
C1 POP ED
SP +1 --> FFFB [65531]
C1 POP 1
SP +1 --> FFFC [65532]
C9 POP 2B
SP +1 --> FFFD [65533]
C9 POP 0
SP +1 --> FFFE [65534]
CD PUSH 0
SP -1 --> FFFD [65533]
CD PUSH 0
SP -1 --> FFFC [65532]
C5 PUSH 4
SP -1 --> FFFB [65531]
C5 PUSH 4
SP -1--> FFFA [65530]
C1 POP DA
SP +1 --> FFFB [65531]
C1 POP 4
SP +1 --> FFFC [65532]
C5 PUSH 3
SP -1 --> FFFB [65531]
C5 PUSH 3
SP -1--> FFFA [65530]
C1 POP B5
SP +1 --> FFFB [65531]
C1 POP 3
SP +1 --> FFFC [65532]
C5 PUSH 2
SP -1 --> FFFB [65531]
C5 PUSH 2
SP -1--> FFFA [65530]
C1 POP 6B
SP +1 --> FFFB [65531]
C1 POP 2
SP +1 --> FFFC [65532]
C5 PUSH 1
SP -1 --> FFFB [65531]
C5 PUSH 1
SP -1--> FFFA [65530]
C1 POP D6
SP +1 --> FFFB [65531]
C1 POP 1
SP +1 --> FFFC [65532]
C9 POP 2E
SP +1 --> FFFD [65533]
C9 POP 0
SP +1 --> FFFE [65534]
CD PUSH 0
SP -1 --> FFFD [65533]
CD PUSH 0
SP -1 --> FFFC [65532]
C5 PUSH 4
SP -1 --> FFFB [65531]
C5 PUSH 4
SP -1--> FFFA [65530]
C1 POP D9
SP +1 --> FFFB [65531]
C1 POP 4
SP +1 --> FFFC [65532]
C5 PUSH 3
SP -1 --> FFFB [65531]
C5 PUSH 3
SP -1--> FFFA [65530]
C1 POP B3
SP +1 --> FFFB [65531]
C1 POP 3
SP +1 --> FFFC [65532]
C5 PUSH 2
SP -1 --> FFFB [65531]
C5 PUSH 2
SP -1--> FFFA [65530]
C1 POP 66
SP +1 --> FFFB [65531]
C1 POP 2
SP +1 --> FFFC [65532]
C5 PUSH 1
SP -1 --> FFFB [65531]
C5 PUSH 1
SP -1--> FFFA [65530]
C1 POP CD
SP +1 --> FFFB [65531]
C1 POP 1
SP +1 --> FFFC [65532]
C9 POP 2B
SP +1 --> FFFD [65533]
C9 POP 0
SP +1 --> FFFE [65534]
CD PUSH 0
SP -1 --> FFFD [65533]
CD PUSH 0
SP -1 --> FFFC [65532]
C5 PUSH 4
SP -1 --> FFFB [65531]
C5 PUSH 4
SP -1--> FFFA [65530]
C1 POP 9A
SP +1 --> FFFB [65531]
C1 POP 4
SP +1 --> FFFC [65532]
C5 PUSH 3
SP -1 --> FFFB [65531]
C5 PUSH 3
SP -1--> FFFA [65530]
C1 POP 35
SP +1 --> FFFB [65531]
C1 POP 3
SP +1 --> FFFC [65532]
C5 PUSH 2
SP -1 --> FFFB [65531]
C5 PUSH 2
SP -1--> FFFA [65530]
C1 POP 6B
SP +1 --> FFFB [65531]
C1 POP 2
SP +1 --> FFFC [65532]
C5 PUSH 1
SP -1 --> FFFB [65531]
C5 PUSH 1
SP -1--> FFFA [65530]
C1 POP D6
SP +1 --> FFFB [65531]
C1 POP 1
SP +1 --> FFFC [65532]
C9 POP 2E
SP +1 --> FFFD [65533]
C9 POP 0
SP +1 --> FFFE [65534]
CD PUSH 0
SP -1 --> FFFD [65533]
CD PUSH 0
SP -1 --> FFFC [65532]
C5 PUSH 4
SP -1 --> FFFB [65531]
C5 PUSH 4
SP -1--> FFFA [65530]
C1 POP 99
SP +1 --> FFFB [65531]
C1 POP 4
SP +1 --> FFFC [65532]
C5 PUSH 3
SP -1 --> FFFB [65531]
C5 PUSH 3
SP -1--> FFFA [65530]
C1 POP 33
SP +1 --> FFFB [65531]
C1 POP 3
SP +1 --> FFFC [65532]
C5 PUSH 2
SP -1 --> FFFB [65531]
C5 PUSH 2
SP -1--> FFFA [65530]
C1 POP 66
SP +1 --> FFFB [65531]
C1 POP 2
SP +1 --> FFFC [65532]
C5 PUSH 1
SP -1 --> FFFB [65531]
C5 PUSH 1
SP -1--> FFFA [65530]
C1 POP CD
SP +1 --> FFFB [65531]
C1 POP 1
SP +1 --> FFFC [65532]
C9 POP 2B
SP +1 --> FFFD [65533]
C9 POP 0
SP +1 --> FFFE [65534]
CD PUSH 0
SP -1 --> FFFD [65533]
CD PUSH 0
SP -1 --> FFFC [65532]
C5 PUSH 4
SP -1 --> FFFB [65531]
C5 PUSH 4
SP -1--> FFFA [65530]
C1 POP 9A
SP +1 --> FFFB [65531]
C1 POP 4
SP +1 --> FFFC [65532]
C5 PUSH 3
SP -1 --> FFFB [65531]
C5 PUSH 3
SP -1--> FFFA [65530]
C1 POP 35
SP +1 --> FFFB [65531]
C1 POP 3
SP +1 --> FFFC [65532]
C5 PUSH 2
SP -1 --> FFFB [65531]
C5 PUSH 2
SP -1--> FFFA [65530]
C1 POP 6A
SP +1 --> FFFB [65531]
C1 POP 2
SP +1 --> FFFC [65532]
C5 PUSH 1
SP -1 --> FFFB [65531]
C5 PUSH 1
SP -1--> FFFA [65530]
C1 POP D4
SP +1 --> FFFB [65531]
C1 POP 1
SP +1 --> FFFC [65532]
C9 POP 2E
SP +1 --> FFFD [65533]
C9 POP 0
SP +1 --> FFFE [65534]
CD PUSH 0
SP -1 --> FFFD [65533]
CD PUSH 0
SP -1 --> FFFC [65532]
C5 PUSH 4
SP -1 --> FFFB [65531]
C5 PUSH 4
SP -1--> FFFA [65530]
C1 POP BB
SP +1 --> FFFB [65531]
C1 POP 4
SP +1 --> FFFC [65532]
C5 PUSH 3
SP -1 --> FFFB [65531]
C5 PUSH 3
SP -1--> FFFA [65530]
C1 POP 77
SP +1 --> FFFB [65531]
C1 POP 3
SP +1 --> FFFC [65532]
C5 PUSH 2
SP -1 --> FFFB [65531]
C5 PUSH 2
SP -1--> FFFA [65530]
C1 POP EF
SP +1 --> FFFB [65531]
C1 POP 2
SP +1 --> FFFC [65532]
C5 PUSH 1
SP -1 --> FFFB [65531]
C5 PUSH 1
SP -1--> FFFA [65530]
C1 POP DF
SP +1 --> FFFB [65531]
C1 POP 1
SP +1 --> FFFC [65532]
C9 POP 2B
SP +1 --> FFFD [65533]
C9 POP 0
SP +1 --> FFFE [65534]
CD PUSH 0
SP -1 --> FFFD [65533]
CD PUSH 0
SP -1 --> FFFC [65532]
C5 PUSH 4
SP -1 --> FFFB [65531]
C5 PUSH 4
SP -1--> FFFA [65530]
C1 POP BF
SP +1 --> FFFB [65531]
C1 POP 4
SP +1 --> FFFC [65532]
C5 PUSH 3
SP -1 --> FFFB [65531]
C5 PUSH 3
SP -1--> FFFA [65530]
C1 POP 7F
SP +1 --> FFFB [65531]
C1 POP 3
SP +1 --> FFFC [65532]
C5 PUSH 2
SP -1 --> FFFB [65531]
C5 PUSH 2
SP -1--> FFFA [65530]
C1 POP FE
SP +1 --> FFFB [65531]
C1 POP 2
SP +1 --> FFFC [65532]
C5 PUSH 1
SP -1 --> FFFB [65531]
C5 PUSH 1
SP -1--> FFFA [65530]
C1 POP FD
SP +1 --> FFFB [65531]
C1 POP 1
SP +1 --> FFFC [65532]
C9 POP 2E
SP +1 --> FFFD [65533]
C9 POP 0
SP +1 --> FFFE [65534]
CD PUSH 0
SP -1 --> FFFD [65533]
CD PUSH 0
SP -1 --> FFFC [65532]
C5 PUSH 4
SP -1 --> FFFB [65531]
C5 PUSH 4
SP -1--> FFFA [65530]
C1 POP BB
SP +1 --> FFFB [65531]
C1 POP 4
SP +1 --> FFFC [65532]
C5 PUSH 3
SP -1 --> FFFB [65531]
C5 PUSH 3
SP -1--> FFFA [65530]
C1 POP 77
SP +1 --> FFFB [65531]
C1 POP 3
SP +1 --> FFFC [65532]
C5 PUSH 2
SP -1 --> FFFB [65531]
C5 PUSH 2
SP -1--> FFFA [65530]
C1 POP EF
SP +1 --> FFFB [65531]
C1 POP 2
SP +1 --> FFFC [65532]
C5 PUSH 1
SP -1 --> FFFB [65531]
C5 PUSH 1
SP -1--> FFFA [65530]
C1 POP DF
SP +1 --> FFFB [65531]
C1 POP 1
SP +1 --> FFFC [65532]
C9 POP 2B
SP +1 --> FFFD [65533]
C9 POP 0
SP +1 --> FFFE [65534]
CD PUSH 0
SP -1 --> FFFD [65533]
CD PUSH 0
SP -1 --> FFFC [65532]
C5 PUSH 4
SP -1 --> FFFB [65531]
C5 PUSH 4
SP -1--> FFFA [65530]
C1 POP BF
SP +1 --> FFFB [65531]
C1 POP 4
SP +1 --> FFFC [65532]
C5 PUSH 3
SP -1 --> FFFB [65531]
C5 PUSH 3
SP -1--> FFFA [65530]
C1 POP 7F
SP +1 --> FFFB [65531]
C1 POP 3
SP +1 --> FFFC [65532]
C5 PUSH 2
SP -1 --> FFFB [65531]
C5 PUSH 2
SP -1--> FFFA [65530]
C1 POP FE
SP +1 --> FFFB [65531]
C1 POP 2
SP +1 --> FFFC [65532]
C5 PUSH 1
SP -1 --> FFFB [65531]
C5 PUSH 1
SP -1--> FFFA [65530]
C1 POP FD
SP +1 --> FFFB [65531]
C1 POP 1
SP +1 --> FFFC [65532]
C9 POP 2E
SP +1 --> FFFD [65533]
C9 POP 0
SP +1 --> FFFE [65534]
CD PUSH 0
SP -1 --> FFFD [65533]
CD PUSH 0
SP -1 --> FFFC [65532]
C5 PUSH 4
SP -1 --> FFFB [65531]
C5 PUSH 4
SP -1--> FFFA [65530]
C1 POP 67
SP +1 --> FFFB [65531]
C1 POP 4
SP +1 --> FFFC [65532]
C5 PUSH 3
SP -1 --> FFFB [65531]
C5 PUSH 3
SP -1--> FFFA [65530]
C1 POP CE
SP +1 --> FFFB [65531]
C1 POP 3
SP +1 --> FFFC [65532]
C5 PUSH 2
SP -1 --> FFFB [65531]
C5 PUSH 2
SP -1--> FFFA [65530]
C1 POP 9D
SP +1 --> FFFB [65531]
C1 POP 2
SP +1 --> FFFC [65532]
C5 PUSH 1
SP -1 --> FFFB [65531]
C5 PUSH 1
SP -1--> FFFA [65530]
C1 POP 3A
SP +1 --> FFFB [65531]
C1 POP 1
SP +1 --> FFFC [65532]
C9 POP 2B
SP +1 --> FFFD [65533]
C9 POP 0
SP +1 --> FFFE [65534]
CD PUSH 0
SP -1 --> FFFD [65533]
CD PUSH 0
SP -1 --> FFFC [65532]
C5 PUSH 4
SP -1 --> FFFB [65531]
C5 PUSH 4
SP -1--> FFFA [65530]
C1 POP 75
SP +1 --> FFFB [65531]
C1 POP 4
SP +1 --> FFFC [65532]
C5 PUSH 3
SP -1 --> FFFB [65531]
C5 PUSH 3
SP -1--> FFFA [65530]
C1 POP EA
SP +1 --> FFFB [65531]
C1 POP 3
SP +1 --> FFFC [65532]
C5 PUSH 2
SP -1 --> FFFB [65531]
C5 PUSH 2
SP -1--> FFFA [65530]
C1 POP D5
SP +1 --> FFFB [65531]
C1 POP 2
SP +1 --> FFFC [65532]
C5 PUSH 1
SP -1 --> FFFB [65531]
C5 PUSH 1
SP -1--> FFFA [65530]
C1 POP AB
SP +1 --> FFFB [65531]
C1 POP 1
SP +1 --> FFFC [65532]
C9 POP 2E
SP +1 --> FFFD [65533]
C9 POP 0
SP +1 --> FFFE [65534]
CD PUSH 0
SP -1 --> FFFD [65533]
CD PUSH 0
SP -1 --> FFFC [65532]
C5 PUSH 4
SP -1 --> FFFB [65531]
C5 PUSH 4
SP -1--> FFFA [65530]
C1 POP 63
SP +1 --> FFFB [65531]
C1 POP 4
SP +1 --> FFFC [65532]
C5 PUSH 3
SP -1 --> FFFB [65531]
C5 PUSH 3
SP -1--> FFFA [65530]
C1 POP C6
SP +1 --> FFFB [65531]
C1 POP 3
SP +1 --> FFFC [65532]
C5 PUSH 2
SP -1 --> FFFB [65531]
C5 PUSH 2
SP -1--> FFFA [65530]
C1 POP 8D
SP +1 --> FFFB [65531]
C1 POP 2
SP +1 --> FFFC [65532]
C5 PUSH 1
SP -1 --> FFFB [65531]
C5 PUSH 1
SP -1--> FFFA [65530]
C1 POP 1A
SP +1 --> FFFB [65531]
C1 POP 1
SP +1 --> FFFC [65532]
C9 POP 2B
SP +1 --> FFFD [65533]
C9 POP 0
SP +1 --> FFFE [65534]
CD PUSH 0
SP -1 --> FFFD [65533]
CD PUSH 0
SP -1 --> FFFC [65532]
C5 PUSH 4
SP -1 --> FFFB [65531]
C5 PUSH 4
SP -1--> FFFA [65530]
C1 POP 35
SP +1 --> FFFB [65531]
C1 POP 4
SP +1 --> FFFC [65532]
C5 PUSH 3
SP -1 --> FFFB [65531]
C5 PUSH 3
SP -1--> FFFA [65530]
C1 POP 6A
SP +1 --> FFFB [65531]
C1 POP 3
SP +1 --> FFFC [65532]
C5 PUSH 2
SP -1 --> FFFB [65531]
C5 PUSH 2
SP -1--> FFFA [65530]
C1 POP D5
SP +1 --> FFFB [65531]
C1 POP 2
SP +1 --> FFFC [65532]
C5 PUSH 1
SP -1 --> FFFB [65531]
C5 PUSH 1
SP -1--> FFFA [65530]
C1 POP AB
SP +1 --> FFFB [65531]
C1 POP 1
SP +1 --> FFFC [65532]
C9 POP 2E
SP +1 --> FFFD [65533]
C9 POP 0
SP +1 --> FFFE [65534]
CD PUSH 0
SP -1 --> FFFD [65533]
CD PUSH 0
SP -1 --> FFFC [65532]
C5 PUSH 4
SP -1 --> FFFB [65531]
C5 PUSH 4
SP -1--> FFFA [65530]
C1 POP 6E
SP +1 --> FFFB [65531]
C1 POP 4
SP +1 --> FFFC [65532]
C5 PUSH 3
SP -1 --> FFFB [65531]
C5 PUSH 3
SP -1--> FFFA [65530]
C1 POP DC
SP +1 --> FFFB [65531]
C1 POP 3
SP +1 --> FFFC [65532]
C5 PUSH 2
SP -1 --> FFFB [65531]
C5 PUSH 2
SP -1--> FFFA [65530]
C1 POP B9
SP +1 --> FFFB [65531]
C1 POP 2
SP +1 --> FFFC [65532]
C5 PUSH 1
SP -1 --> FFFB [65531]
C5 PUSH 1
SP -1--> FFFA [65530]
C1 POP 73
SP +1 --> FFFB [65531]
C1 POP 1
SP +1 --> FFFC [65532]
C9 POP 2B
SP +1 --> FFFD [65533]
C9 POP 0
SP +1 --> FFFE [65534]
CD PUSH 0
SP -1 --> FFFD [65533]
CD PUSH 0
SP -1 --> FFFC [65532]
C5 PUSH 4
SP -1 --> FFFB [65531]
C5 PUSH 4
SP -1--> FFFA [65530]
C1 POP E7
SP +1 --> FFFB [65531]
C1 POP 4
SP +1 --> FFFC [65532]
C5 PUSH 3
SP -1 --> FFFB [65531]
C5 PUSH 3
SP -1--> FFFA [65530]
C1 POP CE
SP +1 --> FFFB [65531]
C1 POP 3
SP +1 --> FFFC [65532]
C5 PUSH 2
SP -1 --> FFFB [65531]
C5 PUSH 2
SP -1--> FFFA [65530]
C1 POP 9D
SP +1 --> FFFB [65531]
C1 POP 2
SP +1 --> FFFC [65532]
C5 PUSH 1
SP -1 --> FFFB [65531]
C5 PUSH 1
SP -1--> FFFA [65530]
C1 POP 3B
SP +1 --> FFFB [65531]
C1 POP 1
SP +1 --> FFFC [65532]
C9 POP 2E
SP +1 --> FFFD [65533]
C9 POP 0
SP +1 --> FFFE [65534]
CD PUSH 0
SP -1 --> FFFD [65533]
CD PUSH 0
SP -1 --> FFFC [65532]
C5 PUSH 4
SP -1 --> FFFB [65531]
C5 PUSH 4
SP -1--> FFFA [65530]
C1 POP E
SP +1 --> FFFB [65531]
C1 POP 4
SP +1 --> FFFC [65532]
C5 PUSH 3
SP -1 --> FFFB [65531]
C5 PUSH 3
SP -1--> FFFA [65530]
C1 POP 1C
SP +1 --> FFFB [65531]
C1 POP 3
SP +1 --> FFFC [65532]
C5 PUSH 2
SP -1 --> FFFB [65531]
C5 PUSH 2
SP -1--> FFFA [65530]
C1 POP 38
SP +1 --> FFFB [65531]
C1 POP 2
SP +1 --> FFFC [65532]
C5 PUSH 1
SP -1 --> FFFB [65531]
C5 PUSH 1
SP -1--> FFFA [65530]
C1 POP 71
SP +1 --> FFFB [65531]
C1 POP 1
SP +1 --> FFFC [65532]
C9 POP 2B
SP +1 --> FFFD [65533]
C9 POP 0
SP +1 --> FFFE [65534]
CD PUSH 0
SP -1 --> FFFD [65533]
CD PUSH 0
SP -1 --> FFFC [65532]
C5 PUSH 4
SP -1 --> FFFB [65531]
C5 PUSH 4
SP -1--> FFFA [65530]
C1 POP E3
SP +1 --> FFFB [65531]
C1 POP 4
SP +1 --> FFFC [65532]
C5 PUSH 3
SP -1 --> FFFB [65531]
C5 PUSH 3
SP -1--> FFFA [65530]
C1 POP C6
SP +1 --> FFFB [65531]
C1 POP 3
SP +1 --> FFFC [65532]
C5 PUSH 2
SP -1 --> FFFB [65531]
C5 PUSH 2
SP -1--> FFFA [65530]
C1 POP 8C
SP +1 --> FFFB [65531]
C1 POP 2
SP +1 --> FFFC [65532]
C5 PUSH 1
SP -1 --> FFFB [65531]
C5 PUSH 1
SP -1--> FFFA [65530]
C1 POP 18
SP +1 --> FFFB [65531]
C1 POP 1
SP +1 --> FFFC [65532]
C9 POP 2E
SP +1 --> FFFD [65533]
C9 POP 0
SP +1 --> FFFE [65534]
CD PUSH 0
SP -1 --> FFFD [65533]
CD PUSH 0
SP -1 --> FFFC [65532]
C5 PUSH 4
SP -1 --> FFFB [65531]
C5 PUSH 4
SP -1--> FFFA [65530]
C1 POP EC
SP +1 --> FFFB [65531]
C1 POP 4
SP +1 --> FFFC [65532]
C5 PUSH 3
SP -1 --> FFFB [65531]
C5 PUSH 3
SP -1--> FFFA [65530]
C1 POP D9
SP +1 --> FFFB [65531]
C1 POP 3
SP +1 --> FFFC [65532]
C5 PUSH 2
SP -1 --> FFFB [65531]
C5 PUSH 2
SP -1--> FFFA [65530]
C1 POP B3
SP +1 --> FFFB [65531]
C1 POP 2
SP +1 --> FFFC [65532]
C5 PUSH 1
SP -1 --> FFFB [65531]
C5 PUSH 1
SP -1--> FFFA [65530]
C1 POP 67
SP +1 --> FFFB [65531]
C1 POP 1
SP +1 --> FFFC [65532]
C9 POP 2B
SP +1 --> FFFD [65533]
C9 POP 0
SP +1 --> FFFE [65534]
CD PUSH 0
SP -1 --> FFFD [65533]
CD PUSH 0
SP -1 --> FFFC [65532]
C5 PUSH 4
SP -1 --> FFFB [65531]
C5 PUSH 4
SP -1--> FFFA [65530]
C1 POP CE
SP +1 --> FFFB [65531]
C1 POP 4
SP +1 --> FFFC [65532]
C5 PUSH 3
SP -1 --> FFFB [65531]
C5 PUSH 3
SP -1--> FFFA [65530]
C1 POP 9D
SP +1 --> FFFB [65531]
C1 POP 3
SP +1 --> FFFC [65532]
C5 PUSH 2
SP -1 --> FFFB [65531]
C5 PUSH 2
SP -1--> FFFA [65530]
C1 POP 3B
SP +1 --> FFFB [65531]
C1 POP 2
SP +1 --> FFFC [65532]
C5 PUSH 1
SP -1 --> FFFB [65531]
C5 PUSH 1
SP -1--> FFFA [65530]
C1 POP 77
SP +1 --> FFFB [65531]
C1 POP 1
SP +1 --> FFFC [65532]
C9 POP 2E
SP +1 --> FFFD [65533]
C9 POP 0
SP +1 --> FFFE [65534]
CD PUSH 0
SP -1 --> FFFD [65533]
CD PUSH 0
SP -1 --> FFFC [65532]
C5 PUSH 4
SP -1 --> FFFB [65531]
C5 PUSH 4
SP -1--> FFFA [65530]
C1 POP CC
SP +1 --> FFFB [65531]
C1 POP 4
SP +1 --> FFFC [65532]
C5 PUSH 3
SP -1 --> FFFB [65531]
C5 PUSH 3
SP -1--> FFFA [65530]
C1 POP 99
SP +1 --> FFFB [65531]
C1 POP 3
SP +1 --> FFFC [65532]
C5 PUSH 2
SP -1 --> FFFB [65531]
C5 PUSH 2
SP -1--> FFFA [65530]
C1 POP 32
SP +1 --> FFFB [65531]
C1 POP 2
SP +1 --> FFFC [65532]
C5 PUSH 1
SP -1 --> FFFB [65531]
C5 PUSH 1
SP -1--> FFFA [65530]
C1 POP 65
SP +1 --> FFFB [65531]
C1 POP 1
SP +1 --> FFFC [65532]
C9 POP 2B
SP +1 --> FFFD [65533]
C9 POP 0
SP +1 --> FFFE [65534]
CD PUSH 0
SP -1 --> FFFD [65533]
CD PUSH 0
SP -1 --> FFFC [65532]
C5 PUSH 4
SP -1 --> FFFB [65531]
C5 PUSH 4
SP -1--> FFFA [65530]
C1 POP CA
SP +1 --> FFFB [65531]
C1 POP 4
SP +1 --> FFFC [65532]
C5 PUSH 3
SP -1 --> FFFB [65531]
C5 PUSH 3
SP -1--> FFFA [65530]
C1 POP 95
SP +1 --> FFFB [65531]
C1 POP 3
SP +1 --> FFFC [65532]
C5 PUSH 2
SP -1 --> FFFB [65531]
C5 PUSH 2
SP -1--> FFFA [65530]
C1 POP 2B
SP +1 --> FFFB [65531]
C1 POP 2
SP +1 --> FFFC [65532]
C5 PUSH 1
SP -1 --> FFFB [65531]
C5 PUSH 1
SP -1--> FFFA [65530]
C1 POP 56
SP +1 --> FFFB [65531]
C1 POP 1
SP +1 --> FFFC [65532]
C9 POP 2E
SP +1 --> FFFD [65533]
C9 POP 0
SP +1 --> FFFE [65534]
CD PUSH 0
SP -1 --> FFFD [65533]
CD PUSH 0
SP -1 --> FFFC [65532]
C5 PUSH 4
SP -1 --> FFFB [65531]
C5 PUSH 4
SP -1--> FFFA [65530]
C1 POP DD
SP +1 --> FFFB [65531]
C1 POP 4
SP +1 --> FFFC [65532]
C5 PUSH 3
SP -1 --> FFFB [65531]
C5 PUSH 3
SP -1--> FFFA [65530]
C1 POP BB
SP +1 --> FFFB [65531]
C1 POP 3
SP +1 --> FFFC [65532]
C5 PUSH 2
SP -1 --> FFFB [65531]
C5 PUSH 2
SP -1--> FFFA [65530]
C1 POP 76
SP +1 --> FFFB [65531]
C1 POP 2
SP +1 --> FFFC [65532]
C5 PUSH 1
SP -1 --> FFFB [65531]
C5 PUSH 1
SP -1--> FFFA [65530]
C1 POP ED
SP +1 --> FFFB [65531]
C1 POP 1
SP +1 --> FFFC [65532]
C9 POP 2B
SP +1 --> FFFD [65533]
C9 POP 0
SP +1 --> FFFE [65534]
CD PUSH 0
SP -1 --> FFFD [65533]
CD PUSH 0
SP -1 --> FFFC [65532]
C5 PUSH 4
SP -1 --> FFFB [65531]
C5 PUSH 4
SP -1--> FFFA [65530]
C1 POP DA
SP +1 --> FFFB [65531]
C1 POP 4
SP +1 --> FFFC [65532]
C5 PUSH 3
SP -1 --> FFFB [65531]
C5 PUSH 3
SP -1--> FFFA [65530]
C1 POP B5
SP +1 --> FFFB [65531]
C1 POP 3
SP +1 --> FFFC [65532]
C5 PUSH 2
SP -1 --> FFFB [65531]
C5 PUSH 2
SP -1--> FFFA [65530]
C1 POP 6B
SP +1 --> FFFB [65531]
C1 POP 2
SP +1 --> FFFC [65532]
C5 PUSH 1
SP -1 --> FFFB [65531]
C5 PUSH 1
SP -1--> FFFA [65530]
C1 POP D6
SP +1 --> FFFB [65531]
C1 POP 1
SP +1 --> FFFC [65532]
C9 POP 2E
SP +1 --> FFFD [65533]
C9 POP 0
SP +1 --> FFFE [65534]
CD PUSH 0
SP -1 --> FFFD [65533]
CD PUSH 0
SP -1 --> FFFC [65532]
C5 PUSH 4
SP -1 --> FFFB [65531]
C5 PUSH 4
SP -1--> FFFA [65530]
C1 POP DC
SP +1 --> FFFB [65531]
C1 POP 4
SP +1 --> FFFC [65532]
C5 PUSH 3
SP -1 --> FFFB [65531]
C5 PUSH 3
SP -1--> FFFA [65530]
C1 POP B9
SP +1 --> FFFB [65531]
C1 POP 3
SP +1 --> FFFC [65532]
C5 PUSH 2
SP -1 --> FFFB [65531]
C5 PUSH 2
SP -1--> FFFA [65530]
C1 POP 72
SP +1 --> FFFB [65531]
C1 POP 2
SP +1 --> FFFC [65532]
C5 PUSH 1
SP -1 --> FFFB [65531]
C5 PUSH 1
SP -1--> FFFA [65530]
C1 POP E5
SP +1 --> FFFB [65531]
C1 POP 1
SP +1 --> FFFC [65532]
C9 POP 2B
SP +1 --> FFFD [65533]
C9 POP 0
SP +1 --> FFFE [65534]
CD PUSH 0
SP -1 --> FFFD [65533]
CD PUSH 0
SP -1 --> FFFC [65532]
C5 PUSH 4
SP -1 --> FFFB [65531]
C5 PUSH 4
SP -1--> FFFA [65530]
C1 POP CA
SP +1 --> FFFB [65531]
C1 POP 4
SP +1 --> FFFC [65532]
C5 PUSH 3
SP -1 --> FFFB [65531]
C5 PUSH 3
SP -1--> FFFA [65530]
C1 POP 95
SP +1 --> FFFB [65531]
C1 POP 3
SP +1 --> FFFC [65532]
C5 PUSH 2
SP -1 --> FFFB [65531]
C5 PUSH 2
SP -1--> FFFA [65530]
C1 POP 2B
SP +1 --> FFFB [65531]
C1 POP 2
SP +1 --> FFFC [65532]
C5 PUSH 1
SP -1 --> FFFB [65531]
C5 PUSH 1
SP -1--> FFFA [65530]
C1 POP 56
SP +1 --> FFFB [65531]
C1 POP 1
SP +1 --> FFFC [65532]
C9 POP 2E
SP +1 --> FFFD [65533]
C9 POP 0
SP +1 --> FFFE [65534]
CD PUSH 0
SP -1 --> FFFD [65533]
CD PUSH 0
SP -1 --> FFFC [65532]
C5 PUSH 4
SP -1 --> FFFB [65531]
C5 PUSH 4
SP -1--> FFFA [65530]
C1 POP 99
SP +1 --> FFFB [65531]
C1 POP 4
SP +1 --> FFFC [65532]
C5 PUSH 3
SP -1 --> FFFB [65531]
C5 PUSH 3
SP -1--> FFFA [65530]
C1 POP 33
SP +1 --> FFFB [65531]
C1 POP 3
SP +1 --> FFFC [65532]
C5 PUSH 2
SP -1 --> FFFB [65531]
C5 PUSH 2
SP -1--> FFFA [65530]
C1 POP 66
SP +1 --> FFFB [65531]
C1 POP 2
SP +1 --> FFFC [65532]
C5 PUSH 1
SP -1 --> FFFB [65531]
C5 PUSH 1
SP -1--> FFFA [65530]
C1 POP CD
SP +1 --> FFFB [65531]
C1 POP 1
SP +1 --> FFFC [65532]
C9 POP 2B
SP +1 --> FFFD [65533]
C9 POP 0
SP +1 --> FFFE [65534]
CD PUSH 0
SP -1 --> FFFD [65533]
CD PUSH 0
SP -1 --> FFFC [65532]
C5 PUSH 4
SP -1 --> FFFB [65531]
C5 PUSH 4
SP -1--> FFFA [65530]
C1 POP 9A
SP +1 --> FFFB [65531]
C1 POP 4
SP +1 --> FFFC [65532]
C5 PUSH 3
SP -1 --> FFFB [65531]
C5 PUSH 3
SP -1--> FFFA [65530]
C1 POP 35
SP +1 --> FFFB [65531]
C1 POP 3
SP +1 --> FFFC [65532]
C5 PUSH 2
SP -1 --> FFFB [65531]
C5 PUSH 2
SP -1--> FFFA [65530]
C1 POP 6A
SP +1 --> FFFB [65531]
C1 POP 2
SP +1 --> FFFC [65532]
C5 PUSH 1
SP -1 --> FFFB [65531]
C5 PUSH 1
SP -1--> FFFA [65530]
C1 POP D4
SP +1 --> FFFB [65531]
C1 POP 1
SP +1 --> FFFC [65532]
C9 POP 2E
SP +1 --> FFFD [65533]
C9 POP 0
SP +1 --> FFFE [65534]
CD PUSH 0
SP -1 --> FFFD [65533]
CD PUSH 0
SP -1 --> FFFC [65532]
C5 PUSH 4
SP -1 --> FFFB [65531]
C5 PUSH 4
SP -1--> FFFA [65530]
C1 POP 9F
SP +1 --> FFFB [65531]
C1 POP 4
SP +1 --> FFFC [65532]
C5 PUSH 3
SP -1 --> FFFB [65531]
C5 PUSH 3
SP -1--> FFFA [65530]
C1 POP 3F
SP +1 --> FFFB [65531]
C1 POP 3
SP +1 --> FFFC [65532]
C5 PUSH 2
SP -1 --> FFFB [65531]
C5 PUSH 2
SP -1--> FFFA [65530]
C1 POP 7E
SP +1 --> FFFB [65531]
C1 POP 2
SP +1 --> FFFC [65532]
C5 PUSH 1
SP -1 --> FFFB [65531]
C5 PUSH 1
SP -1--> FFFA [65530]
C1 POP FD
SP +1 --> FFFB [65531]
C1 POP 1
SP +1 --> FFFC [65532]
C9 POP 2B
SP +1 --> FFFD [65533]
C9 POP 0
SP +1 --> FFFE [65534]
CD PUSH 0
SP -1 --> FFFD [65533]
CD PUSH 0
SP -1 --> FFFC [65532]
C5 PUSH 4
SP -1 --> FFFB [65531]
C5 PUSH 4
SP -1--> FFFA [65530]
C1 POP FB
SP +1 --> FFFB [65531]
C1 POP 4
SP +1 --> FFFC [65532]
C5 PUSH 3
SP -1 --> FFFB [65531]
C5 PUSH 3
SP -1--> FFFA [65530]
C1 POP F7
SP +1 --> FFFB [65531]
C1 POP 3
SP +1 --> FFFC [65532]
C5 PUSH 2
SP -1 --> FFFB [65531]
C5 PUSH 2
SP -1--> FFFA [65530]
C1 POP EE
SP +1 --> FFFB [65531]
C1 POP 2
SP +1 --> FFFC [65532]
C5 PUSH 1
SP -1 --> FFFB [65531]
C5 PUSH 1
SP -1--> FFFA [65530]
C1 POP DC
SP +1 --> FFFB [65531]
C1 POP 1
SP +1 --> FFFC [65532]
C9 POP 2E
SP +1 --> FFFD [65533]
C9 POP 0
SP +1 --> FFFE [65534]
CD PUSH 0
SP -1 --> FFFD [65533]
CD PUSH 0
SP -1 --> FFFC [65532]
C5 PUSH 4
SP -1 --> FFFB [65531]
C5 PUSH 4
SP -1--> FFFA [65530]
C1 POP BB
SP +1 --> FFFB [65531]
C1 POP 4
SP +1 --> FFFC [65532]
C5 PUSH 3
SP -1 --> FFFB [65531]
C5 PUSH 3
SP -1--> FFFA [65530]
C1 POP 77
SP +1 --> FFFB [65531]
C1 POP 3
SP +1 --> FFFC [65532]
C5 PUSH 2
SP -1 --> FFFB [65531]
C5 PUSH 2
SP -1--> FFFA [65530]
C1 POP EF
SP +1 --> FFFB [65531]
C1 POP 2
SP +1 --> FFFC [65532]
C5 PUSH 1
SP -1 --> FFFB [65531]
C5 PUSH 1
SP -1--> FFFA [65530]
C1 POP DF
SP +1 --> FFFB [65531]
C1 POP 1
SP +1 --> FFFC [65532]
C9 POP 2B
SP +1 --> FFFD [65533]
C9 POP 0
SP +1 --> FFFE [65534]
CD PUSH 0
SP -1 --> FFFD [65533]
CD PUSH 0
SP -1 --> FFFC [65532]
C5 PUSH 4
SP -1 --> FFFB [65531]
C5 PUSH 4
SP -1--> FFFA [65530]
C1 POP BF
SP +1 --> FFFB [65531]
C1 POP 4
SP +1 --> FFFC [65532]
C5 PUSH 3
SP -1 --> FFFB [65531]
C5 PUSH 3
SP -1--> FFFA [65530]
C1 POP 7F
SP +1 --> FFFB [65531]
C1 POP 3
SP +1 --> FFFC [65532]
C5 PUSH 2
SP -1 --> FFFB [65531]
C5 PUSH 2
SP -1--> FFFA [65530]
C1 POP FE
SP +1 --> FFFB [65531]
C1 POP 2
SP +1 --> FFFC [65532]
C5 PUSH 1
SP -1 --> FFFB [65531]
C5 PUSH 1
SP -1--> FFFA [65530]
C1 POP FD
SP +1 --> FFFB [65531]
C1 POP 1
SP +1 --> FFFC [65532]
C9 POP 2E
SP +1 --> FFFD [65533]
C9 POP 0
SP +1 --> FFFE [65534]
CD PUSH 0
SP -1 --> FFFD [65533]
CD PUSH 0
SP -1 --> FFFC [65532]
C5 PUSH 4
SP -1 --> FFFB [65531]
C5 PUSH 4
SP -1--> FFFA [65530]
C1 POP B9
SP +1 --> FFFB [65531]
C1 POP 4
SP +1 --> FFFC [65532]
C5 PUSH 3
SP -1 --> FFFB [65531]
C5 PUSH 3
SP -1--> FFFA [65530]
C1 POP 73
SP +1 --> FFFB [65531]
C1 POP 3
SP +1 --> FFFC [65532]
C5 PUSH 2
SP -1 --> FFFB [65531]
C5 PUSH 2
SP -1--> FFFA [65530]
C1 POP E7
SP +1 --> FFFB [65531]
C1 POP 2
SP +1 --> FFFC [65532]
C5 PUSH 1
SP -1 --> FFFB [65531]
C5 PUSH 1
SP -1--> FFFA [65530]
C1 POP CF
SP +1 --> FFFB [65531]
C1 POP 1
SP +1 --> FFFC [65532]
C9 POP 2B
SP +1 --> FFFD [65533]
C9 POP 0
SP +1 --> FFFE [65534]
CD PUSH 0
SP -1 --> FFFD [65533]
CD PUSH 0
SP -1 --> FFFC [65532]
C5 PUSH 4
SP -1 --> FFFB [65531]
C5 PUSH 4
SP -1--> FFFA [65530]
C1 POP 9E
SP +1 --> FFFB [65531]
C1 POP 4
SP +1 --> FFFC [65532]
C5 PUSH 3
SP -1 --> FFFB [65531]
C5 PUSH 3
SP -1--> FFFA [65530]
C1 POP 3D
SP +1 --> FFFB [65531]
C1 POP 3
SP +1 --> FFFC [65532]
C5 PUSH 2
SP -1 --> FFFB [65531]
C5 PUSH 2
SP -1--> FFFA [65530]
C1 POP 7A
SP +1 --> FFFB [65531]
C1 POP 2
SP +1 --> FFFC [65532]
C5 PUSH 1
SP -1 --> FFFB [65531]
C5 PUSH 1
SP -1--> FFFA [65530]
C1 POP F5
SP +1 --> FFFB [65531]
C1 POP 1
SP +1 --> FFFC [65532]
C9 POP 2E
SP +1 --> FFFD [65533]
C9 POP 0
SP +1 --> FFFE [65534]
CD PUSH 0
SP -1 --> FFFD [65533]
CD PUSH 0
SP -1 --> FFFC [65532]
C5 PUSH 4
SP -1 --> FFFB [65531]
C5 PUSH 4
SP -1--> FFFA [65530]
C1 POP 33
SP +1 --> FFFB [65531]
C1 POP 4
SP +1 --> FFFC [65532]
C5 PUSH 3
SP -1 --> FFFB [65531]
C5 PUSH 3
SP -1--> FFFA [65530]
C1 POP 66
SP +1 --> FFFB [65531]
C1 POP 3
SP +1 --> FFFC [65532]
C5 PUSH 2
SP -1 --> FFFB [65531]
C5 PUSH 2
SP -1--> FFFA [65530]
C1 POP CD
SP +1 --> FFFB [65531]
C1 POP 2
SP +1 --> FFFC [65532]
C5 PUSH 1
SP -1 --> FFFB [65531]
C5 PUSH 1
SP -1--> FFFA [65530]
C1 POP 9A
SP +1 --> FFFB [65531]
C1 POP 1
SP +1 --> FFFC [65532]
C9 POP 2B
SP +1 --> FFFD [65533]
C9 POP 0
SP +1 --> FFFE [65534]
CD PUSH 0
SP -1 --> FFFD [65533]
CD PUSH 0
SP -1 --> FFFC [65532]
C5 PUSH 4
SP -1 --> FFFB [65531]
C5 PUSH 4
SP -1--> FFFA [65530]
C1 POP 35
SP +1 --> FFFB [65531]
C1 POP 4
SP +1 --> FFFC [65532]
C5 PUSH 3
SP -1 --> FFFB [65531]
C5 PUSH 3
SP -1--> FFFA [65530]
C1 POP 6A
SP +1 --> FFFB [65531]
C1 POP 3
SP +1 --> FFFC [65532]
C5 PUSH 2
SP -1 --> FFFB [65531]
C5 PUSH 2
SP -1--> FFFA [65530]
C1 POP D4
SP +1 --> FFFB [65531]
C1 POP 2
SP +1 --> FFFC [65532]
C5 PUSH 1
SP -1 --> FFFB [65531]
C5 PUSH 1
SP -1--> FFFA [65530]
C1 POP A9
SP +1 --> FFFB [65531]
C1 POP 1
SP +1 --> FFFC [65532]
C9 POP 2E
SP +1 --> FFFD [65533]
C9 POP 0
SP +1 --> FFFE [65534]
CD PUSH 0
SP -1 --> FFFD [65533]
CD PUSH 0
SP -1 --> FFFC [65532]
C5 PUSH 4
SP -1 --> FFFB [65531]
C5 PUSH 4
SP -1--> FFFA [65530]
C1 POP 3E
SP +1 --> FFFB [65531]
C1 POP 4
SP +1 --> FFFC [65532]
C5 PUSH 3
SP -1 --> FFFB [65531]
C5 PUSH 3
SP -1--> FFFA [65530]
C1 POP 7C
SP +1 --> FFFB [65531]
C1 POP 3
SP +1 --> FFFC [65532]
C5 PUSH 2
SP -1 --> FFFB [65531]
C5 PUSH 2
SP -1--> FFFA [65530]
C1 POP F9
SP +1 --> FFFB [65531]
C1 POP 2
SP +1 --> FFFC [65532]
C5 PUSH 1
SP -1 --> FFFB [65531]
C5 PUSH 1
SP -1--> FFFA [65530]
C1 POP F3
SP +1 --> FFFB [65531]
C1 POP 1
SP +1 --> FFFC [65532]
C9 POP 2B
SP +1 --> FFFD [65533]
C9 POP 0
SP +1 --> FFFE [65534]
CD PUSH 0
SP -1 --> FFFD [65533]
CD PUSH 0
SP -1 --> FFFC [65532]
C5 PUSH 4
SP -1 --> FFFB [65531]
C5 PUSH 4
SP -1--> FFFA [65530]
C1 POP E7
SP +1 --> FFFB [65531]
C1 POP 4
SP +1 --> FFFC [65532]
C5 PUSH 3
SP -1 --> FFFB [65531]
C5 PUSH 3
SP -1--> FFFA [65530]
C1 POP CE
SP +1 --> FFFB [65531]
C1 POP 3
SP +1 --> FFFC [65532]
C5 PUSH 2
SP -1 --> FFFB [65531]
C5 PUSH 2
SP -1--> FFFA [65530]
C1 POP 9C
SP +1 --> FFFB [65531]
C1 POP 2
SP +1 --> FFFC [65532]
C5 PUSH 1
SP -1 --> FFFB [65531]
C5 PUSH 1
SP -1--> FFFA [65530]
C1 POP 39
SP +1 --> FFFB [65531]
C1 POP 1
SP +1 --> FFFC [65532]
C9 POP 2E
SP +1 --> FFFD [65533]
C9 POP 0
SP +1 --> FFFE [65534]
